
*** Running vivado
    with args -log design_1_xlconstant_0_1.vds -m64 -product Vivado -mode batch -messageDb vivado.pb -notrace -source design_1_xlconstant_0_1.tcl


****** Vivado v2016.4 (64-bit)
  **** SW Build 1756540 on Mon Jan 23 19:11:19 MST 2017
  **** IP Build 1755317 on Mon Jan 23 20:30:07 MST 2017
    ** Copyright 1986-2016 Xilinx, Inc. All Rights Reserved.

source design_1_xlconstant_0_1.tcl -notrace
Starting RTL Elaboration : Time (s): cpu = 00:00:06 ; elapsed = 00:00:06 . Memory (MB): peak = 1170.352 ; gain = 234.977 ; free physical = 7637 ; free virtual = 27359
INFO: [Synth 8-638] synthesizing module 'design_1_xlconstant_0_1' [/home/yamaguchi/koara/koara.srcs/sources_1/bd/design_1/ip/design_1_xlconstant_0_1/sim/design_1_xlconstant_0_1.v:56]
INFO: [Synth 8-638] synthesizing module 'xlconstant' [/home/yamaguchi/koara/koara.srcs/sources_1/bd/design_1/ipshared/e147/xlconstant.v:23]
INFO: [Synth 8-256] done synthesizing module 'xlconstant' (1#1) [/home/yamaguchi/koara/koara.srcs/sources_1/bd/design_1/ipshared/e147/xlconstant.v:23]
INFO: [Synth 8-256] done synthesizing module 'design_1_xlconstant_0_1' (2#1) [/home/yamaguchi/koara/koara.srcs/sources_1/bd/design_1/ip/design_1_xlconstant_0_1/sim/design_1_xlconstant_0_1.v:56]
Finished RTL Elaboration : Time (s): cpu = 00:00:06 ; elapsed = 00:00:06 . Memory (MB): peak = 1211.828 ; gain = 276.453 ; free physical = 7595 ; free virtual = 27317
Finished RTL Optimization Phase 1 : Time (s): cpu = 00:00:06 ; elapsed = 00:00:06 . Memory (MB): peak = 1211.828 ; gain = 276.453 ; free physical = 7585 ; free virtual = 27307
INFO: [Device 21-403] Loading part xcku040-ffva1156-2-e
Constraint Validation Runtime : Time (s): cpu = 00:00:00.01 ; elapsed = 00:00:00.01 . Memory (MB): peak = 1565.145 ; gain = 0.000 ; free physical = 7244 ; free virtual = 26966
Finished Constraint Validation : Time (s): cpu = 00:00:14 ; elapsed = 00:00:15 . Memory (MB): peak = 1565.145 ; gain = 629.770 ; free physical = 7235 ; free virtual = 26958
Finished Loading Part and Timing Information : Time (s): cpu = 00:00:14 ; elapsed = 00:00:15 . Memory (MB): peak = 1565.145 ; gain = 629.770 ; free physical = 7235 ; free virtual = 26958
Finished applying 'set_property' XDC Constraints : Time (s): cpu = 00:00:14 ; elapsed = 00:00:15 . Memory (MB): peak = 1565.145 ; gain = 629.770 ; free physical = 7235 ; free virtual = 26958
Finished RTL Optimization Phase 2 : Time (s): cpu = 00:00:14 ; elapsed = 00:00:15 . Memory (MB): peak = 1565.145 ; gain = 629.770 ; free physical = 7235 ; free virtual = 26958
Finished Cross Boundary and Area Optimization : Time (s): cpu = 00:00:14 ; elapsed = 00:00:15 . Memory (MB): peak = 1565.145 ; gain = 629.770 ; free physical = 7235 ; free virtual = 26958
Finished Applying XDC Timing Constraints : Time (s): cpu = 00:00:21 ; elapsed = 00:00:22 . Memory (MB): peak = 1821.566 ; gain = 886.191 ; free physical = 6968 ; free virtual = 26691
Finished Timing Optimization : Time (s): cpu = 00:00:21 ; elapsed = 00:00:22 . Memory (MB): peak = 1821.566 ; gain = 886.191 ; free physical = 6968 ; free virtual = 26691
Finished Technology Mapping : Time (s): cpu = 00:00:21 ; elapsed = 00:00:22 . Memory (MB): peak = 1830.578 ; gain = 895.203 ; free physical = 6960 ; free virtual = 26682
Finished IO Insertion : Time (s): cpu = 00:00:22 ; elapsed = 00:00:22 . Memory (MB): peak = 1830.582 ; gain = 895.207 ; free physical = 6960 ; free virtual = 26682
Finished Renaming Generated Instances : Time (s): cpu = 00:00:22 ; elapsed = 00:00:22 . Memory (MB): peak = 1830.582 ; gain = 895.207 ; free physical = 6960 ; free virtual = 26682
Finished Rebuilding User Hierarchy : Time (s): cpu = 00:00:22 ; elapsed = 00:00:22 . Memory (MB): peak = 1830.582 ; gain = 895.207 ; free physical = 6960 ; free virtual = 26682
Finished Renaming Generated Ports : Time (s): cpu = 00:00:22 ; elapsed = 00:00:22 . Memory (MB): peak = 1830.582 ; gain = 895.207 ; free physical = 6960 ; free virtual = 26682
Finished Handling Custom Attributes : Time (s): cpu = 00:00:22 ; elapsed = 00:00:22 . Memory (MB): peak = 1830.582 ; gain = 895.207 ; free physical = 6960 ; free virtual = 26682
Finished Renaming Generated Nets : Time (s): cpu = 00:00:22 ; elapsed = 00:00:22 . Memory (MB): peak = 1830.582 ; gain = 895.207 ; free physical = 6960 ; free virtual = 26682

Report Cell Usage: 
+-+-----+------+
| |Cell |Count |
+-+-----+------+
+-+-----+------+
Finished Writing Synthesis Report : Time (s): cpu = 00:00:22 ; elapsed = 00:00:22 . Memory (MB): peak = 1830.582 ; gain = 895.207 ; free physical = 6960 ; free virtual = 26682
synth_design: Time (s): cpu = 00:00:21 ; elapsed = 00:00:21 . Memory (MB): peak = 1862.129 ; gain = 810.242 ; free physical = 6933 ; free virtual = 26655
