
*** Running vivado
    with args -log design_1_blk_mem_gen_0_0.vds -m64 -product Vivado -mode batch -messageDb vivado.pb -notrace -source design_1_blk_mem_gen_0_0.tcl


****** Vivado v2016.4 (64-bit)
  **** SW Build 1756540 on Mon Jan 23 19:11:19 MST 2017
  **** IP Build 1755317 on Mon Jan 23 20:30:07 MST 2017
    ** Copyright 1986-2016 Xilinx, Inc. All Rights Reserved.

source design_1_blk_mem_gen_0_0.tcl -notrace
Starting RTL Elaboration : Time (s): cpu = 00:00:06 ; elapsed = 00:00:07 . Memory (MB): peak = 1171.352 ; gain = 235.980 ; free physical = 7710 ; free virtual = 27414
INFO: [Synth 8-638] synthesizing module 'design_1_blk_mem_gen_0_0' [/home/yamaguchi/koara/koara.srcs/sources_1/bd/design_1/ip/design_1_blk_mem_gen_0_0_1/synth/design_1_blk_mem_gen_0_0.vhd:69]
INFO: [Synth 8-256] done synthesizing module 'design_1_blk_mem_gen_0_0' (9#1) [/home/yamaguchi/koara/koara.srcs/sources_1/bd/design_1/ip/design_1_blk_mem_gen_0_0_1/synth/design_1_blk_mem_gen_0_0.vhd:69]
Finished RTL Elaboration : Time (s): cpu = 00:00:45 ; elapsed = 00:00:46 . Memory (MB): peak = 1372.027 ; gain = 436.656 ; free physical = 7631 ; free virtual = 27339
Finished RTL Optimization Phase 1 : Time (s): cpu = 00:00:45 ; elapsed = 00:00:46 . Memory (MB): peak = 1372.027 ; gain = 436.656 ; free physical = 7628 ; free virtual = 27334
INFO: [Device 21-403] Loading part xcku040-ffva1156-2-e
Constraint Validation Runtime : Time (s): cpu = 00:00:00.01 ; elapsed = 00:00:00.01 . Memory (MB): peak = 1606.648 ; gain = 0.004 ; free physical = 7298 ; free virtual = 27004
Finished Constraint Validation : Time (s): cpu = 00:00:53 ; elapsed = 00:00:54 . Memory (MB): peak = 1606.648 ; gain = 671.277 ; free physical = 7028 ; free virtual = 26735
Finished Loading Part and Timing Information : Time (s): cpu = 00:00:53 ; elapsed = 00:00:54 . Memory (MB): peak = 1606.648 ; gain = 671.277 ; free physical = 7028 ; free virtual = 26735
Finished applying 'set_property' XDC Constraints : Time (s): cpu = 00:00:53 ; elapsed = 00:00:54 . Memory (MB): peak = 1606.648 ; gain = 671.277 ; free physical = 7028 ; free virtual = 26735
Finished RTL Optimization Phase 2 : Time (s): cpu = 00:00:53 ; elapsed = 00:00:54 . Memory (MB): peak = 1606.648 ; gain = 671.277 ; free physical = 7024 ; free virtual = 26731
Finished Cross Boundary and Area Optimization : Time (s): cpu = 00:00:54 ; elapsed = 00:00:54 . Memory (MB): peak = 1606.648 ; gain = 671.277 ; free physical = 7024 ; free virtual = 26731
Finished Applying XDC Timing Constraints : Time (s): cpu = 00:01:01 ; elapsed = 00:01:02 . Memory (MB): peak = 1841.738 ; gain = 906.367 ; free physical = 6710 ; free virtual = 26411
Finished Timing Optimization : Time (s): cpu = 00:01:01 ; elapsed = 00:01:02 . Memory (MB): peak = 1842.738 ; gain = 907.367 ; free physical = 6710 ; free virtual = 26411
Finished Technology Mapping : Time (s): cpu = 00:01:01 ; elapsed = 00:01:02 . Memory (MB): peak = 1851.754 ; gain = 916.383 ; free physical = 6701 ; free virtual = 26402
Finished IO Insertion : Time (s): cpu = 00:01:01 ; elapsed = 00:01:02 . Memory (MB): peak = 1851.758 ; gain = 916.387 ; free physical = 6701 ; free virtual = 26402
Finished Renaming Generated Instances : Time (s): cpu = 00:01:01 ; elapsed = 00:01:02 . Memory (MB): peak = 1851.758 ; gain = 916.387 ; free physical = 6701 ; free virtual = 26402
Finished Rebuilding User Hierarchy : Time (s): cpu = 00:01:01 ; elapsed = 00:01:02 . Memory (MB): peak = 1851.758 ; gain = 916.387 ; free physical = 6701 ; free virtual = 26402
Finished Renaming Generated Ports : Time (s): cpu = 00:01:01 ; elapsed = 00:01:02 . Memory (MB): peak = 1851.758 ; gain = 916.387 ; free physical = 6701 ; free virtual = 26402
Finished Handling Custom Attributes : Time (s): cpu = 00:01:01 ; elapsed = 00:01:02 . Memory (MB): peak = 1851.758 ; gain = 916.387 ; free physical = 6701 ; free virtual = 26402
Finished Renaming Generated Nets : Time (s): cpu = 00:01:01 ; elapsed = 00:01:02 . Memory (MB): peak = 1851.758 ; gain = 916.387 ; free physical = 6701 ; free virtual = 26402

Report Cell Usage: 
+------+-----------+------+
|      |Cell       |Count |
+------+-----------+------+
|1     |RAMB36E2   |     1|
|2     |RAMB36E2_1 |     1|
+------+-----------+------+
Finished Writing Synthesis Report : Time (s): cpu = 00:01:01 ; elapsed = 00:01:02 . Memory (MB): peak = 1851.758 ; gain = 916.387 ; free physical = 6701 ; free virtual = 26402
synth_design: Time (s): cpu = 00:01:00 ; elapsed = 00:01:01 . Memory (MB): peak = 1890.820 ; gain = 838.938 ; free physical = 6664 ; free virtual = 26365
