
*** Running vivado
    with args -log design_1_clk_wiz_0_0.vds -m64 -product Vivado -mode batch -messageDb vivado.pb -notrace -source design_1_clk_wiz_0_0.tcl


****** Vivado v2016.4 (64-bit)
  **** SW Build 1756540 on Mon Jan 23 19:11:19 MST 2017
  **** IP Build 1755317 on Mon Jan 23 20:30:07 MST 2017
    ** Copyright 1986-2016 Xilinx, Inc. All Rights Reserved.

source design_1_clk_wiz_0_0.tcl -notrace
Starting RTL Elaboration : Time (s): cpu = 00:00:06 ; elapsed = 00:00:06 . Memory (MB): peak = 1171.348 ; gain = 235.977 ; free physical = 7462 ; free virtual = 27353
INFO: [Synth 8-638] synthesizing module 'design_1_clk_wiz_0_0' [/home/yamaguchi/CPU-Adelie/loopback_myuart/loopback_myuart.srcs/sources_1/bd/design_1/ip/design_1_clk_wiz_0_0/design_1_clk_wiz_0_0.v:70]
INFO: [Synth 8-638] synthesizing module 'design_1_clk_wiz_0_0_clk_wiz' [/home/yamaguchi/CPU-Adelie/loopback_myuart/loopback_myuart.srcs/sources_1/bd/design_1/ip/design_1_clk_wiz_0_0/design_1_clk_wiz_0_0_clk_wiz.v:68]
INFO: [Synth 8-638] synthesizing module 'IBUFDS' [/opt/Xilinx/Vivado/2016.4/scripts/rt/data/unisim_comp.v:14161]
INFO: [Synth 8-256] done synthesizing module 'IBUFDS' (1#1) [/opt/Xilinx/Vivado/2016.4/scripts/rt/data/unisim_comp.v:14161]
INFO: [Synth 8-638] synthesizing module 'MMCME3_ADV' [/opt/Xilinx/Vivado/2016.4/scripts/rt/data/unisim_comp.v:20605]
INFO: [Synth 8-256] done synthesizing module 'MMCME3_ADV' (2#1) [/opt/Xilinx/Vivado/2016.4/scripts/rt/data/unisim_comp.v:20605]
INFO: [Synth 8-638] synthesizing module 'BUFG' [/opt/Xilinx/Vivado/2016.4/scripts/rt/data/unisim_comp.v:607]
INFO: [Synth 8-256] done synthesizing module 'BUFG' (3#1) [/opt/Xilinx/Vivado/2016.4/scripts/rt/data/unisim_comp.v:607]
INFO: [Synth 8-256] done synthesizing module 'design_1_clk_wiz_0_0_clk_wiz' (4#1) [/home/yamaguchi/CPU-Adelie/loopback_myuart/loopback_myuart.srcs/sources_1/bd/design_1/ip/design_1_clk_wiz_0_0/design_1_clk_wiz_0_0_clk_wiz.v:68]
INFO: [Synth 8-256] done synthesizing module 'design_1_clk_wiz_0_0' (5#1) [/home/yamaguchi/CPU-Adelie/loopback_myuart/loopback_myuart.srcs/sources_1/bd/design_1/ip/design_1_clk_wiz_0_0/design_1_clk_wiz_0_0.v:70]
Finished RTL Elaboration : Time (s): cpu = 00:00:06 ; elapsed = 00:00:06 . Memory (MB): peak = 1211.824 ; gain = 276.453 ; free physical = 7380 ; free virtual = 27271
Finished RTL Optimization Phase 1 : Time (s): cpu = 00:00:06 ; elapsed = 00:00:06 . Memory (MB): peak = 1211.824 ; gain = 276.453 ; free physical = 7379 ; free virtual = 27271
INFO: [Device 21-403] Loading part xcku040-ffva1156-2-e
Constraint Validation Runtime : Time (s): cpu = 00:00:00 ; elapsed = 00:00:00.01 . Memory (MB): peak = 1593.695 ; gain = 0.000 ; free physical = 6632 ; free virtual = 26523
Finished Constraint Validation : Time (s): cpu = 00:00:14 ; elapsed = 00:00:14 . Memory (MB): peak = 1593.695 ; gain = 658.324 ; free physical = 6623 ; free virtual = 26515
Finished Loading Part and Timing Information : Time (s): cpu = 00:00:14 ; elapsed = 00:00:14 . Memory (MB): peak = 1593.695 ; gain = 658.324 ; free physical = 6623 ; free virtual = 26515
Finished applying 'set_property' XDC Constraints : Time (s): cpu = 00:00:14 ; elapsed = 00:00:14 . Memory (MB): peak = 1593.695 ; gain = 658.324 ; free physical = 6623 ; free virtual = 26515
Finished RTL Optimization Phase 2 : Time (s): cpu = 00:00:14 ; elapsed = 00:00:14 . Memory (MB): peak = 1593.695 ; gain = 658.324 ; free physical = 6625 ; free virtual = 26516
Finished Cross Boundary and Area Optimization : Time (s): cpu = 00:00:14 ; elapsed = 00:00:14 . Memory (MB): peak = 1593.695 ; gain = 658.324 ; free physical = 6623 ; free virtual = 26514
Finished Applying XDC Timing Constraints : Time (s): cpu = 00:00:21 ; elapsed = 00:00:21 . Memory (MB): peak = 1822.887 ; gain = 887.516 ; free physical = 6222 ; free virtual = 26113
Finished Timing Optimization : Time (s): cpu = 00:00:21 ; elapsed = 00:00:21 . Memory (MB): peak = 1822.887 ; gain = 887.516 ; free physical = 6222 ; free virtual = 26113
Finished Technology Mapping : Time (s): cpu = 00:00:21 ; elapsed = 00:00:21 . Memory (MB): peak = 1831.902 ; gain = 896.531 ; free physical = 6214 ; free virtual = 26104
Finished IO Insertion : Time (s): cpu = 00:00:21 ; elapsed = 00:00:22 . Memory (MB): peak = 1831.906 ; gain = 896.535 ; free physical = 6165 ; free virtual = 26056
Finished Renaming Generated Instances : Time (s): cpu = 00:00:21 ; elapsed = 00:00:22 . Memory (MB): peak = 1831.906 ; gain = 896.535 ; free physical = 6165 ; free virtual = 26056
Finished Rebuilding User Hierarchy : Time (s): cpu = 00:00:21 ; elapsed = 00:00:22 . Memory (MB): peak = 1831.906 ; gain = 896.535 ; free physical = 6165 ; free virtual = 26056
Finished Renaming Generated Ports : Time (s): cpu = 00:00:21 ; elapsed = 00:00:22 . Memory (MB): peak = 1831.906 ; gain = 896.535 ; free physical = 6165 ; free virtual = 26056
Finished Handling Custom Attributes : Time (s): cpu = 00:00:21 ; elapsed = 00:00:22 . Memory (MB): peak = 1831.906 ; gain = 896.535 ; free physical = 6165 ; free virtual = 26056
Finished Renaming Generated Nets : Time (s): cpu = 00:00:21 ; elapsed = 00:00:22 . Memory (MB): peak = 1831.906 ; gain = 896.535 ; free physical = 6165 ; free virtual = 26056

Report Cell Usage: 
+------+-----------+------+
|      |Cell       |Count |
+------+-----------+------+
|1     |BUFG       |     2|
|2     |MMCME3_ADV |     1|
|3     |IBUFDS     |     1|
+------+-----------+------+
Finished Writing Synthesis Report : Time (s): cpu = 00:00:21 ; elapsed = 00:00:22 . Memory (MB): peak = 1831.906 ; gain = 896.535 ; free physical = 6165 ; free virtual = 26056
synth_design: Time (s): cpu = 00:00:21 ; elapsed = 00:00:21 . Memory (MB): peak = 1927.457 ; gain = 876.574 ; free physical = 6073 ; free virtual = 25964
