
*** Running vivado
    with args -log design_1_blk_mem_gen_1_0.vds -m64 -product Vivado -mode batch -messageDb vivado.pb -notrace -source design_1_blk_mem_gen_1_0.tcl


****** Vivado v2016.4 (64-bit)
  **** SW Build 1756540 on Mon Jan 23 19:11:19 MST 2017
  **** IP Build 1755317 on Mon Jan 23 20:30:07 MST 2017
    ** Copyright 1986-2016 Xilinx, Inc. All Rights Reserved.

source design_1_blk_mem_gen_1_0.tcl -notrace
Starting RTL Elaboration : Time (s): cpu = 00:00:06 ; elapsed = 00:00:06 . Memory (MB): peak = 1171.352 ; gain = 235.980 ; free physical = 7030 ; free virtual = 26728
INFO: [Synth 8-638] synthesizing module 'design_1_blk_mem_gen_1_0' [/home/yamaguchi/koara/koara.srcs/sources_1/bd/design_1/ip/design_1_blk_mem_gen_1_0_1/synth/design_1_blk_mem_gen_1_0.vhd:70]
INFO: [Synth 8-256] done synthesizing module 'design_1_blk_mem_gen_1_0' (9#1) [/home/yamaguchi/koara/koara.srcs/sources_1/bd/design_1/ip/design_1_blk_mem_gen_1_0_1/synth/design_1_blk_mem_gen_1_0.vhd:70]
Finished RTL Elaboration : Time (s): cpu = 00:00:40 ; elapsed = 00:00:40 . Memory (MB): peak = 1372.027 ; gain = 436.656 ; free physical = 7870 ; free virtual = 27568
Finished RTL Optimization Phase 1 : Time (s): cpu = 00:00:40 ; elapsed = 00:00:40 . Memory (MB): peak = 1372.027 ; gain = 436.656 ; free physical = 7870 ; free virtual = 27568
INFO: [Device 21-403] Loading part xcku040-ffva1156-2-e
Constraint Validation Runtime : Time (s): cpu = 00:00:00.01 ; elapsed = 00:00:00.01 . Memory (MB): peak = 1600.648 ; gain = 0.004 ; free physical = 7688 ; free virtual = 27386
Finished Constraint Validation : Time (s): cpu = 00:00:48 ; elapsed = 00:00:48 . Memory (MB): peak = 1600.648 ; gain = 665.277 ; free physical = 7687 ; free virtual = 27385
Finished Loading Part and Timing Information : Time (s): cpu = 00:00:48 ; elapsed = 00:00:48 . Memory (MB): peak = 1600.648 ; gain = 665.277 ; free physical = 7687 ; free virtual = 27385
Finished applying 'set_property' XDC Constraints : Time (s): cpu = 00:00:48 ; elapsed = 00:00:48 . Memory (MB): peak = 1600.648 ; gain = 665.277 ; free physical = 7687 ; free virtual = 27385
Finished RTL Optimization Phase 2 : Time (s): cpu = 00:00:48 ; elapsed = 00:00:48 . Memory (MB): peak = 1600.648 ; gain = 665.277 ; free physical = 7685 ; free virtual = 27383
Finished Cross Boundary and Area Optimization : Time (s): cpu = 00:00:48 ; elapsed = 00:00:48 . Memory (MB): peak = 1600.648 ; gain = 665.277 ; free physical = 7685 ; free virtual = 27383
Finished Applying XDC Timing Constraints : Time (s): cpu = 00:00:55 ; elapsed = 00:00:55 . Memory (MB): peak = 1840.059 ; gain = 904.688 ; free physical = 7434 ; free virtual = 27132
Finished Timing Optimization : Time (s): cpu = 00:00:55 ; elapsed = 00:00:55 . Memory (MB): peak = 1840.059 ; gain = 904.688 ; free physical = 7434 ; free virtual = 27132
Finished Technology Mapping : Time (s): cpu = 00:00:55 ; elapsed = 00:00:55 . Memory (MB): peak = 1850.074 ; gain = 914.703 ; free physical = 7425 ; free virtual = 27123
Finished IO Insertion : Time (s): cpu = 00:00:55 ; elapsed = 00:00:56 . Memory (MB): peak = 1850.078 ; gain = 914.707 ; free physical = 7425 ; free virtual = 27123
Finished Renaming Generated Instances : Time (s): cpu = 00:00:55 ; elapsed = 00:00:56 . Memory (MB): peak = 1850.078 ; gain = 914.707 ; free physical = 7425 ; free virtual = 27123
Finished Rebuilding User Hierarchy : Time (s): cpu = 00:00:55 ; elapsed = 00:00:56 . Memory (MB): peak = 1850.078 ; gain = 914.707 ; free physical = 7425 ; free virtual = 27123
Finished Renaming Generated Ports : Time (s): cpu = 00:00:55 ; elapsed = 00:00:56 . Memory (MB): peak = 1850.078 ; gain = 914.707 ; free physical = 7425 ; free virtual = 27123
Finished Handling Custom Attributes : Time (s): cpu = 00:00:55 ; elapsed = 00:00:56 . Memory (MB): peak = 1850.078 ; gain = 914.707 ; free physical = 7425 ; free virtual = 27123
Finished Renaming Generated Nets : Time (s): cpu = 00:00:55 ; elapsed = 00:00:56 . Memory (MB): peak = 1850.078 ; gain = 914.707 ; free physical = 7425 ; free virtual = 27123

Report Cell Usage: 
+------+---------+------+
|      |Cell     |Count |
+------+---------+------+
|1     |RAMB36E2 |     1|
+------+---------+------+
Finished Writing Synthesis Report : Time (s): cpu = 00:00:55 ; elapsed = 00:00:56 . Memory (MB): peak = 1850.078 ; gain = 914.707 ; free physical = 7425 ; free virtual = 27123
synth_design: Time (s): cpu = 00:00:54 ; elapsed = 00:00:54 . Memory (MB): peak = 1889.141 ; gain = 837.258 ; free physical = 7384 ; free virtual = 27084
