Copyright 1986-2016 Xilinx, Inc. All Rights Reserved.
---------------------------------------------------------------------------------------------
| Tool Version : Vivado v.2016.4 (lin64) Build 1756540 Mon Jan 23 19:11:19 MST 2017
| Date         : Sat Dec  2 23:12:45 2017
| Host         : ispc2016 running 64-bit Ubuntu 14.04.5 LTS
| Command      : report_control_sets -verbose -file design_1_wrapper_control_sets_placed.rpt
| Design       : design_1_wrapper
| Device       : xcku040
---------------------------------------------------------------------------------------------

Control Set Information

Table of Contents
-----------------
1. Summary
2. Flip-Flop Distribution
3. Detailed Control Set Information

1. Summary
----------

+----------------------------------------------------------+-------+
|                          Status                          | Count |
+----------------------------------------------------------+-------+
| Number of unique control sets                            |   206 |
| Unused register locations in slices containing registers |    71 |
+----------------------------------------------------------+-------+


2. Flip-Flop Distribution
-------------------------

+--------------+-----------------------+------------------------+-----------------+--------------+
| Clock Enable | Synchronous Set/Reset | Asynchronous Set/Reset | Total Registers | Total Slices |
+--------------+-----------------------+------------------------+-----------------+--------------+
| No           | No                    | No                     |             176 |           44 |
| No           | No                    | Yes                    |               0 |            0 |
| No           | Yes                   | No                     |             371 |          114 |
| Yes          | No                    | No                     |            3537 |          453 |
| Yes          | No                    | Yes                    |               0 |            0 |
| Yes          | Yes                   | No                     |            2369 |          470 |
+--------------+-----------------------+------------------------+-----------------+--------------+


3. Detailed Control Set Information
-----------------------------------

+-------------------------------------+------------------------------------------------------------------------------------------------------------------------------+---------------------------------------------------------------------------------------------------------------------------------------------------------------------+------------------+----------------+
|             Clock Signal            |                                                         Enable Signal                                                        |                                                                           Set/Reset Signal                                                                          | Slice Load Count | Bel Load Count |
+-------------------------------------+------------------------------------------------------------------------------------------------------------------------------+---------------------------------------------------------------------------------------------------------------------------------------------------------------------+------------------+----------------+
|  design_1_i/clk_wiz_0/inst/clk_out1 | design_1_i/floating_point_1/U0/i_synth/need_combiner.use_3to1.skid_buffer_combiner/c_tx                                      |                                                                                                                                                                     |                0 |              2 |
|  design_1_i/clk_wiz_0/inst/clk_out1 | design_1_i/floating_point_1/U0/i_synth/need_combiner.use_3to1.skid_buffer_combiner/p_26_in                                   |                                                                                                                                                                     |                0 |              2 |
|  design_1_i/clk_wiz_0/inst/clk_out1 | design_1_i/axi_uartlite_0/U0/AXI_LITE_IPIF_I/I_SLAVE_ATTACHMENT/start2_i_1_n_0                                               | design_1_i/axi_uartlite_0/U0/AXI_LITE_IPIF_I/I_SLAVE_ATTACHMENT/rst                                                                                                 |                1 |              2 |
|  design_1_i/clk_wiz_0/inst/clk_out1 | design_1_i/core_top_0/inst/u_core_decode/WVALID_reg                                                                          | design_1_i/clk_wiz_0/inst/locked                                                                                                                                    |                0 |              2 |
|  design_1_i/clk_wiz_0/inst/clk_out1 | design_1_i/floating_point_1/U0/i_synth/i_nd_to_rdy/CE                                                                        | design_1_i/floating_point_1/U0/i_synth/sclr_i                                                                                                                       |                1 |              2 |
|  design_1_i/clk_wiz_0/inst/clk_out1 | design_1_i/core_top_0/inst/u_core_decode/i_in                                                                                | design_1_i/clk_wiz_0/inst/locked                                                                                                                                    |                0 |              2 |
|  design_1_i/clk_wiz_0/inst/clk_out1 | design_1_i/axi_uartlite_0/U0/UARTLITE_CORE_I/UARTLITE_TX_I/mux_sel                                                           | design_1_i/clk_wiz_0/inst/locked                                                                                                                                    |                1 |              3 |
|  design_1_i/clk_wiz_0/inst/clk_out1 | design_1_i/core_top_0/inst/u_core_decode/E[0]                                                                                | design_1_i/clk_wiz_0/inst/locked                                                                                                                                    |                1 |              3 |
|  design_1_i/clk_wiz_0/inst/clk_out1 | design_1_i/axi_uartlite_0/U0/UARTLITE_CORE_I/BAUD_RATE_I/en_16x_Baud                                                         |                                                                                                                                                                     |                2 |              4 |
|  design_1_i/clk_wiz_0/inst/clk_out1 | design_1_i/axi_uartlite_0/U0/AXI_LITE_IPIF_I/I_SLAVE_ATTACHMENT/start2                                                       | design_1_i/axi_uartlite_0/U0/AXI_LITE_IPIF_I/I_SLAVE_ATTACHMENT/I_DECODER/cs_ce_clr                                                                                 |                0 |              4 |
|  design_1_i/clk_wiz_0/inst/clk_out1 | design_1_i/floating_point_4/U0/i_synth/i_nd_to_rdy/ce_internal_core                                                          | design_1_i/floating_point_4/U0/i_synth/FIX_TO_FLT_OP.SPD.OP/NORM_SHIFT/MUX_LOOP[0].DEL_SHIFT/i_pipe/opt_has_pipe.first_q[23]_i_1__0_n_0                             |                1 |              4 |
|  design_1_i/clk_wiz_0/inst/clk_out1 | design_1_i/floating_point_4/U0/i_synth/i_nd_to_rdy/ce_internal_core                                                          | design_1_i/floating_point_4/U0/i_synth/sclr_i                                                                                                                       |                2 |              6 |
|  design_1_i/clk_wiz_0/inst/clk_out1 |                                                                                                                              | design_1_i/core_top_0/inst/u_core_decode/IMM[10]_i_1_n_0                                                                                                            |                1 |              6 |
|  design_1_i/clk_wiz_0/inst/clk_out1 | design_1_i/core_top_0/inst/cpu_state[6]_i_1_n_0                                                                              | design_1_i/clk_wiz_0/inst/locked                                                                                                                                    |                2 |              6 |
|  design_1_i/clk_wiz_0/inst/clk_out1 |                                                                                                                              | design_1_i/axi_uartlite_0/U0/UARTLITE_CORE_I/UARTLITE_TX_I/SRL_FIFO_I/I_SRL_FIFO_RBU_F/CNTR_INCR_DECR_ADDN_F_I/SS[0]                                                |                1 |              6 |
|  design_1_i/clk_wiz_0/inst/clk_out1 |                                                                                                                              | design_1_i/axi_uartlite_0/U0/UARTLITE_CORE_I/UARTLITE_RX_I/SRL_FIFO_I/I_SRL_FIFO_RBU_F/CNTR_INCR_DECR_ADDN_F_I/SS[0]                                                |                1 |              6 |
|  design_1_i/clk_wiz_0/inst/clk_out1 | design_1_i/floating_point_5/U0/i_synth/i_nd_to_rdy/ce_internal_core                                                          | design_1_i/floating_point_5/U0/i_synth/sclr_i                                                                                                                       |                1 |              6 |
|  design_1_i/clk_wiz_0/inst/clk_out1 |                                                                                                                              | design_1_i/axi_uartlite_0/U0/AXI_LITE_IPIF_I/I_SLAVE_ATTACHMENT/rst                                                                                                 |                3 |              6 |
|  design_1_i/clk_wiz_0/inst/clk_out1 |                                                                                                                              | design_1_i/floating_point_5/U0/i_synth/sclr_i                                                                                                                       |                1 |              7 |
|  design_1_i/clk_wiz_0/inst/clk_out1 |                                                                                                                              | design_1_i/floating_point_6/U0/i_synth/sclr_i                                                                                                                       |                1 |              7 |
|  design_1_i/clk_wiz_0/inst/clk_out1 |                                                                                                                              | design_1_i/floating_point_4/U0/i_synth/sclr_i                                                                                                                       |                0 |              7 |
|  design_1_i/clk_wiz_0/inst/clk_out1 |                                                                                                                              | design_1_i/floating_point_3/U0/i_synth/sclr_i                                                                                                                       |                2 |              7 |
|  design_1_i/clk_wiz_0/inst/clk_out1 |                                                                                                                              | design_1_i/floating_point_3/U0/i_synth/MULT.OP/EXP/STATE_DEC_DELAY/i_pipe/p_26_out__0                                                                               |                0 |              7 |
|  design_1_i/clk_wiz_0/inst/clk_out1 |                                                                                                                              | design_1_i/floating_point_2/U0/i_synth/sclr_i                                                                                                                       |                2 |              7 |
|  design_1_i/clk_wiz_0/inst/clk_out1 |                                                                                                                              | design_1_i/floating_point_2/U0/i_synth/DIV_OP.SPD.OP/EXP/STATE_DEC_DELAY/i_pipe/p_26_out__0                                                                         |                0 |              7 |
|  design_1_i/clk_wiz_0/inst/clk_out1 | design_1_i/core_top_0/inst/u_core_reg/freg28[7]_i_1_n_0                                                                      | design_1_i/clk_wiz_0/inst/locked                                                                                                                                    |                3 |              8 |
|  design_1_i/clk_wiz_0/inst/clk_out1 | design_1_i/core_top_0/inst/u_core_reg/freg27[7]_i_1_n_0                                                                      | design_1_i/clk_wiz_0/inst/locked                                                                                                                                    |                1 |              8 |
|  design_1_i/clk_wiz_0/inst/clk_out1 | design_1_i/core_top_0/inst/u_core_reg/freg31[7]_i_1_n_0                                                                      | design_1_i/clk_wiz_0/inst/locked                                                                                                                                    |                0 |              8 |
|  design_1_i/clk_wiz_0/inst/clk_out1 | design_1_i/core_top_0/inst/u_core_reg/reg28[7]_i_1_n_0                                                                       | design_1_i/clk_wiz_0/inst/locked                                                                                                                                    |                1 |              8 |
|  design_1_i/clk_wiz_0/inst/clk_out1 | design_1_i/core_top_0/inst/u_core_reg/freg26[7]_i_1_n_0                                                                      | design_1_i/clk_wiz_0/inst/locked                                                                                                                                    |                5 |              8 |
|  design_1_i/clk_wiz_0/inst/clk_out1 | design_1_i/core_top_0/inst/u_core_reg/freg25[7]_i_1_n_0                                                                      | design_1_i/clk_wiz_0/inst/locked                                                                                                                                    |                2 |              8 |
|  design_1_i/clk_wiz_0/inst/clk_out1 | design_1_i/core_top_0/inst/u_core_reg/reg29[7]_i_1_n_0                                                                       | design_1_i/clk_wiz_0/inst/locked                                                                                                                                    |                3 |              8 |
|  design_1_i/clk_wiz_0/inst/clk_out1 | design_1_i/core_top_0/inst/u_core_reg/freg24[7]_i_1_n_0                                                                      | design_1_i/clk_wiz_0/inst/locked                                                                                                                                    |                3 |              8 |
|  design_1_i/clk_wiz_0/inst/clk_out1 | design_1_i/core_top_0/inst/u_core_reg/freg23[7]_i_1_n_0                                                                      | design_1_i/clk_wiz_0/inst/locked                                                                                                                                    |                1 |              8 |
|  design_1_i/clk_wiz_0/inst/clk_out1 | design_1_i/core_top_0/inst/u_core_reg/reg27[7]_i_1_n_0                                                                       | design_1_i/clk_wiz_0/inst/locked                                                                                                                                    |                3 |              8 |
|  design_1_i/clk_wiz_0/inst/clk_out1 | design_1_i/core_top_0/inst/u_core_reg/freg29[7]_i_1_n_0                                                                      | design_1_i/clk_wiz_0/inst/locked                                                                                                                                    |                3 |              8 |
|  design_1_i/clk_wiz_0/inst/clk_out1 | design_1_i/core_top_0/inst/u_core_reg/freg2[7]_i_1_n_0                                                                       | design_1_i/clk_wiz_0/inst/locked                                                                                                                                    |                1 |              8 |
|  design_1_i/clk_wiz_0/inst/clk_out1 | design_1_i/core_top_0/inst/u_core_reg/reg26[7]_i_1_n_0                                                                       | design_1_i/clk_wiz_0/inst/locked                                                                                                                                    |                3 |              8 |
|  design_1_i/clk_wiz_0/inst/clk_out1 | design_1_i/core_top_0/inst/u_core_reg/freg30[7]_i_1_n_0                                                                      | design_1_i/clk_wiz_0/inst/locked                                                                                                                                    |                0 |              8 |
|  design_1_i/clk_wiz_0/inst/clk_out1 | design_1_i/core_top_0/inst/u_core_reg/reg3[7]_i_1_n_0                                                                        | design_1_i/clk_wiz_0/inst/locked                                                                                                                                    |                3 |              8 |
|  design_1_i/clk_wiz_0/inst/clk_out1 | design_1_i/core_top_0/inst/u_core_reg/reg25[7]_i_1_n_0                                                                       | design_1_i/clk_wiz_0/inst/locked                                                                                                                                    |                2 |              8 |
|  design_1_i/clk_wiz_0/inst/clk_out1 | design_1_i/core_top_0/inst/u_core_reg/freg3[7]_i_1_n_0                                                                       | design_1_i/clk_wiz_0/inst/locked                                                                                                                                    |                0 |              8 |
|  design_1_i/clk_wiz_0/inst/clk_out1 | design_1_i/core_top_0/inst/u_core_reg/freg4[7]_i_1_n_0                                                                       | design_1_i/clk_wiz_0/inst/locked                                                                                                                                    |                6 |              8 |
|  design_1_i/clk_wiz_0/inst/clk_out1 | design_1_i/core_top_0/inst/u_core_reg/reg24[7]_i_1_n_0                                                                       | design_1_i/clk_wiz_0/inst/locked                                                                                                                                    |                3 |              8 |
|  design_1_i/clk_wiz_0/inst/clk_out1 | design_1_i/core_top_0/inst/u_core_reg/freg5[7]_i_1_n_0                                                                       | design_1_i/clk_wiz_0/inst/locked                                                                                                                                    |                0 |              8 |
|  design_1_i/clk_wiz_0/inst/clk_out1 | design_1_i/core_top_0/inst/u_core_reg/freg6[7]_i_1_n_0                                                                       | design_1_i/clk_wiz_0/inst/locked                                                                                                                                    |                1 |              8 |
|  design_1_i/clk_wiz_0/inst/clk_out1 | design_1_i/core_top_0/inst/u_core_reg/freg16[7]_i_1_n_0                                                                      | design_1_i/clk_wiz_0/inst/locked                                                                                                                                    |                4 |              8 |
|  design_1_i/clk_wiz_0/inst/clk_out1 | design_1_i/core_top_0/inst/u_core_reg/reg7[7]_i_1_n_0                                                                        | design_1_i/clk_wiz_0/inst/locked                                                                                                                                    |                3 |              8 |
|  design_1_i/clk_wiz_0/inst/clk_out1 | design_1_i/core_top_0/inst/u_core_reg/reg8[7]_i_1_n_0                                                                        | design_1_i/clk_wiz_0/inst/locked                                                                                                                                    |                0 |              8 |
|  design_1_i/clk_wiz_0/inst/clk_out1 | design_1_i/core_top_0/inst/u_core_reg/reg9[7]_i_1_n_0                                                                        | design_1_i/clk_wiz_0/inst/locked                                                                                                                                    |                0 |              8 |
|  design_1_i/clk_wiz_0/inst/clk_out1 | design_1_i/core_top_0/inst/u_core_reg/reg6[7]_i_1_n_0                                                                        | design_1_i/clk_wiz_0/inst/locked                                                                                                                                    |                2 |              8 |
|  design_1_i/clk_wiz_0/inst/clk_out1 | design_1_i/core_top_0/inst/u_core_reg/freg12[7]_i_1_n_0                                                                      | design_1_i/clk_wiz_0/inst/locked                                                                                                                                    |                7 |              8 |
|  design_1_i/clk_wiz_0/inst/clk_out1 | design_1_i/core_top_0/inst/u_core_reg/freg13[7]_i_1_n_0                                                                      | design_1_i/clk_wiz_0/inst/locked                                                                                                                                    |                0 |              8 |
|  design_1_i/clk_wiz_0/inst/clk_out1 | design_1_i/core_top_0/inst/u_core_reg/reg5[7]_i_1_n_0                                                                        | design_1_i/clk_wiz_0/inst/locked                                                                                                                                    |                1 |              8 |
|  design_1_i/clk_wiz_0/inst/clk_out1 | design_1_i/core_top_0/inst/u_core_reg/freg14[7]_i_1_n_0                                                                      | design_1_i/clk_wiz_0/inst/locked                                                                                                                                    |                2 |              8 |
|  design_1_i/clk_wiz_0/inst/clk_out1 | design_1_i/core_top_0/inst/u_core_reg/freg15[7]_i_1_n_0                                                                      | design_1_i/clk_wiz_0/inst/locked                                                                                                                                    |                2 |              8 |
|  design_1_i/clk_wiz_0/inst/clk_out1 | design_1_i/core_top_0/inst/u_core_reg/reg4[7]_i_1_n_0                                                                        | design_1_i/clk_wiz_0/inst/locked                                                                                                                                    |                1 |              8 |
|  design_1_i/clk_wiz_0/inst/clk_out1 | design_1_i/core_top_0/inst/u_core_reg/reg2[7]_i_1_n_0                                                                        | design_1_i/clk_wiz_0/inst/locked                                                                                                                                    |                2 |              8 |
|  design_1_i/clk_wiz_0/inst/clk_out1 | design_1_i/core_top_0/inst/u_core_reg/freg17[7]_i_1_n_0                                                                      | design_1_i/clk_wiz_0/inst/locked                                                                                                                                    |                2 |              8 |
|  design_1_i/clk_wiz_0/inst/clk_out1 | design_1_i/core_top_0/inst/u_core_reg/freg9[7]_i_1_n_0                                                                       | design_1_i/clk_wiz_0/inst/locked                                                                                                                                    |                0 |              8 |
|  design_1_i/clk_wiz_0/inst/clk_out1 | design_1_i/core_top_0/inst/u_core_reg/freg18[7]_i_1_n_0                                                                      | design_1_i/clk_wiz_0/inst/locked                                                                                                                                    |                3 |              8 |
|  design_1_i/clk_wiz_0/inst/clk_out1 | design_1_i/core_top_0/inst/u_core_reg/freg19[7]_i_1_n_0                                                                      | design_1_i/clk_wiz_0/inst/locked                                                                                                                                    |                4 |              8 |
|  design_1_i/clk_wiz_0/inst/clk_out1 | design_1_i/core_top_0/inst/u_core_reg/reg31[7]_i_1_n_0                                                                       | design_1_i/clk_wiz_0/inst/locked                                                                                                                                    |                1 |              8 |
|  design_1_i/clk_wiz_0/inst/clk_out1 | design_1_i/core_top_0/inst/u_core_reg/freg1[7]_i_1_n_0                                                                       | design_1_i/clk_wiz_0/inst/locked                                                                                                                                    |                5 |              8 |
|  design_1_i/clk_wiz_0/inst/clk_out1 | design_1_i/core_top_0/inst/u_core_reg/freg20[7]_i_1_n_0                                                                      | design_1_i/clk_wiz_0/inst/locked                                                                                                                                    |                3 |              8 |
|  design_1_i/clk_wiz_0/inst/clk_out1 | design_1_i/core_top_0/inst/u_core_reg/reg30[7]_i_1_n_0                                                                       | design_1_i/clk_wiz_0/inst/locked                                                                                                                                    |                1 |              8 |
|  design_1_i/clk_wiz_0/inst/clk_out1 | design_1_i/core_top_0/inst/u_core_reg/freg21[7]_i_1_n_0                                                                      | design_1_i/clk_wiz_0/inst/locked                                                                                                                                    |                0 |              8 |
|  design_1_i/clk_wiz_0/inst/clk_out1 | design_1_i/core_top_0/inst/u_core_reg/freg22[7]_i_1_n_0                                                                      | design_1_i/clk_wiz_0/inst/locked                                                                                                                                    |                0 |              8 |
|  design_1_i/clk_wiz_0/inst/clk_out1 | design_1_i/core_top_0/inst/u_core_reg/reg21[7]_i_1_n_0                                                                       | design_1_i/clk_wiz_0/inst/locked                                                                                                                                    |                1 |              8 |
|  design_1_i/clk_wiz_0/inst/clk_out1 | design_1_i/core_top_0/inst/u_core_reg/reg14[7]_i_1_n_0                                                                       | design_1_i/clk_wiz_0/inst/locked                                                                                                                                    |                1 |              8 |
|  design_1_i/clk_wiz_0/inst/clk_out1 | design_1_i/core_top_0/inst/u_core_reg/reg15[7]_i_1_n_0                                                                       | design_1_i/clk_wiz_0/inst/locked                                                                                                                                    |                2 |              8 |
|  design_1_i/clk_wiz_0/inst/clk_out1 | design_1_i/core_top_0/inst/u_core_reg/reg16[7]_i_1_n_0                                                                       | design_1_i/clk_wiz_0/inst/locked                                                                                                                                    |                4 |              8 |
|  design_1_i/clk_wiz_0/inst/clk_out1 | design_1_i/core_top_0/inst/u_core_reg/reg17[7]_i_1_n_0                                                                       | design_1_i/clk_wiz_0/inst/locked                                                                                                                                    |                5 |              8 |
|  design_1_i/clk_wiz_0/inst/clk_out1 | design_1_i/core_top_0/inst/u_core_reg/reg18[7]_i_1_n_0                                                                       | design_1_i/clk_wiz_0/inst/locked                                                                                                                                    |                0 |              8 |
|  design_1_i/clk_wiz_0/inst/clk_out1 | design_1_i/core_top_0/inst/u_core_reg/reg23[7]_i_1_n_0                                                                       | design_1_i/clk_wiz_0/inst/locked                                                                                                                                    |                2 |              8 |
|  design_1_i/clk_wiz_0/inst/clk_out1 | design_1_i/core_top_0/inst/u_core_reg/reg19[7]_i_1_n_0                                                                       | design_1_i/clk_wiz_0/inst/locked                                                                                                                                    |                4 |              8 |
|  design_1_i/clk_wiz_0/inst/clk_out1 | design_1_i/core_top_0/inst/u_core_reg/reg1[7]_i_1_n_0                                                                        | design_1_i/clk_wiz_0/inst/locked                                                                                                                                    |                5 |              8 |
|  design_1_i/clk_wiz_0/inst/clk_out1 | design_1_i/core_top_0/inst/u_core_reg/reg20[7]_i_1_n_0                                                                       | design_1_i/clk_wiz_0/inst/locked                                                                                                                                    |                5 |              8 |
|  design_1_i/clk_wiz_0/inst/clk_out1 | design_1_i/floating_point_3/U0/i_synth/i_nd_to_rdy/opt_has_pipe.first_q_reg[0]_0                                             | design_1_i/floating_point_3/U0/i_synth/sclr_i                                                                                                                       |                1 |              8 |
|  design_1_i/clk_wiz_0/inst/clk_out1 | design_1_i/core_top_0/inst/u_core_reg/freg10[7]_i_1_n_0                                                                      | design_1_i/clk_wiz_0/inst/locked                                                                                                                                    |                5 |              8 |
|  design_1_i/clk_wiz_0/inst/clk_out1 | design_1_i/core_top_0/inst/u_core_reg/freg11[7]_i_1_n_0                                                                      | design_1_i/clk_wiz_0/inst/locked                                                                                                                                    |                2 |              8 |
|  design_1_i/clk_wiz_0/inst/clk_out1 | design_1_i/axi_uartlite_0/U0/UARTLITE_CORE_I/UARTLITE_RX_I/SRL_FIFO_I/I_SRL_FIFO_RBU_F/DYNSHREG_F_I/fifo_wr                  |                                                                                                                                                                     |                1 |              8 |
|  design_1_i/clk_wiz_0/inst/clk_out1 | design_1_i/axi_uartlite_0/U0/AXI_LITE_IPIF_I/I_SLAVE_ATTACHMENT/I_DECODER/fifo_wr                                            |                                                                                                                                                                     |                1 |              8 |
|  design_1_i/clk_wiz_0/inst/clk_out1 | design_1_i/axi_uartlite_0/U0/AXI_LITE_IPIF_I/I_SLAVE_ATTACHMENT/s_axi_rdata_i                                                | design_1_i/axi_uartlite_0/U0/AXI_LITE_IPIF_I/I_SLAVE_ATTACHMENT/rst                                                                                                 |                3 |              8 |
|  design_1_i/clk_wiz_0/inst/clk_out1 | design_1_i/floating_point_5/U0/i_synth/i_nd_to_rdy/ce_internal_core                                                          | design_1_i/floating_point_5/U0/i_synth/FLT_TO_FIX_OP.SPD.OP/ALIGN_SHIFT/MUX_LOOP[1].DEL_SHIFT/i_pipe/opt_has_pipe.first_q[31]_i_1_n_0                               |                1 |              8 |
|  design_1_i/clk_wiz_0/inst/clk_out1 | design_1_i/floating_point_5/U0/i_synth/i_nd_to_rdy/ce_internal_core                                                          | design_1_i/floating_point_5/U0/i_synth/i_nd_to_rdy/opt_has_pipe.first_q_reg[7]                                                                                      |                1 |              8 |
|  design_1_i/clk_wiz_0/inst/clk_out1 | design_1_i/floating_point_6/U0/i_synth/i_nd_to_rdy/ce_internal_core                                                          | design_1_i/floating_point_6/U0/i_synth/SQRT_OP.SPD.OP/i_mant_calc.EXP/STATE_DEC_DELAY/i_pipe/RESULT_REG.NORMAL.exp_op_reg[7][0]                                     |                1 |              8 |
|  design_1_i/clk_wiz_0/inst/clk_out1 | design_1_i/core_top_0/inst/u_core_reg/freg7[7]_i_1_n_0                                                                       | design_1_i/clk_wiz_0/inst/locked                                                                                                                                    |                0 |              8 |
|  design_1_i/clk_wiz_0/inst/clk_out1 | design_1_i/core_top_0/inst/u_core_reg/reg10[7]_i_1_n_0                                                                       | design_1_i/clk_wiz_0/inst/locked                                                                                                                                    |                4 |              8 |
|  design_1_i/clk_wiz_0/inst/clk_out1 | design_1_i/floating_point_4/U0/i_synth/i_nd_to_rdy/ce_internal_core                                                          | design_1_i/floating_point_4/U0/i_synth/FIX_TO_FLT_OP.SPD.OP/NORM_SHIFT/MUX_LOOP[0].DEL_SHIFT/i_pipe/opt_has_pipe.first_q[31]_i_1_n_0                                |                0 |              8 |
|  design_1_i/clk_wiz_0/inst/clk_out1 | design_1_i/core_top_0/inst/u_core_reg/reg13[7]_i_1_n_0                                                                       | design_1_i/clk_wiz_0/inst/locked                                                                                                                                    |                4 |              8 |
|  design_1_i/clk_wiz_0/inst/clk_out1 | design_1_i/floating_point_0/U0/i_synth/i_nd_to_rdy/opt_has_pipe.first_q_reg[0]_0                                             | design_1_i/floating_point_0/U0/i_synth/ADDSUB_OP.ADDSUB/SPEED_OP.DSP.OP/DSP48E1_BODY.EXP/DEC_STATE_PRE_OP_DELAY/i_pipe/RESULT_REG.NORMAL.exp_op_reg[7][0]           |                1 |              8 |
|  design_1_i/clk_wiz_0/inst/clk_out1 | design_1_i/core_top_0/inst/u_core_reg/reg11[7]_i_1_n_0                                                                       | design_1_i/clk_wiz_0/inst/locked                                                                                                                                    |                3 |              8 |
|  design_1_i/clk_wiz_0/inst/clk_out1 | design_1_i/core_top_0/inst/u_core_reg/reg12[7]_i_1_n_0                                                                       | design_1_i/clk_wiz_0/inst/locked                                                                                                                                    |                3 |              8 |
|  design_1_i/clk_wiz_0/inst/clk_out1 | design_1_i/core_top_0/inst/u_core_reg/freg8[7]_i_1_n_0                                                                       | design_1_i/clk_wiz_0/inst/locked                                                                                                                                    |                4 |              8 |
|  design_1_i/clk_wiz_0/inst/clk_out1 | design_1_i/core_top_0/inst/u_core_reg/reg22[7]_i_1_n_0                                                                       | design_1_i/clk_wiz_0/inst/locked                                                                                                                                    |                1 |              8 |
|  design_1_i/clk_wiz_0/inst/clk_out1 | design_1_i/floating_point_1/U0/i_synth/i_nd_to_rdy/CE                                                                        |                                                                                                                                                                     |                7 |              9 |
|  design_1_i/clk_wiz_0/inst/clk_out1 | design_1_i/core_top_0/inst/u_core_decode/WDATA_reg[0][0]                                                                     | design_1_i/clk_wiz_0/inst/locked                                                                                                                                    |                2 |              9 |
|  design_1_i/clk_wiz_0/inst/clk_out1 | design_1_i/axi_uartlite_0/U0/UARTLITE_CORE_I/BAUD_RATE_I/en_16x_Baud                                                         | design_1_i/clk_wiz_0/inst/locked                                                                                                                                    |                1 |             10 |
|  design_1_i/clk_wiz_0/inst/clk_out1 |                                                                                                                              | design_1_i/floating_point_1/U0/i_synth/sclr_i                                                                                                                       |                2 |             10 |
|  design_1_i/clk_wiz_0/inst/clk_out1 |                                                                                                                              | design_1_i/floating_point_0/U0/i_synth/sclr_i                                                                                                                       |                1 |             10 |
|  design_1_i/clk_wiz_0/inst/clk_out1 | design_1_i/floating_point_0/U0/i_synth/i_nd_to_rdy/opt_has_pipe.first_q_reg[0]_0                                             | design_1_i/floating_point_0/U0/i_synth/sclr_i                                                                                                                       |                1 |             11 |
|  design_1_i/clk_wiz_0/inst/clk_out1 | design_1_i/floating_point_5/U0/i_synth/i_nd_to_rdy/ce_internal_core                                                          | design_1_i/floating_point_5/U0/i_synth/FLT_TO_FIX_OP.SPD.OP/ALIGN_SHIFT/MUX_LOOP[0].DEL_SHIFT/i_pipe/opt_has_pipe.first_q[30]_i_1_n_0                               |                3 |             15 |
|  design_1_i/clk_wiz_0/inst/clk_out1 | design_1_i/floating_point_0/U0/i_synth/i_nd_to_rdy/opt_has_pipe.first_q_reg[0]_0                                             | design_1_i/floating_point_0/U0/i_synth/ADDSUB_OP.ADDSUB/SPEED_OP.DSP.OP/DSP48E1_BODY.NORM_RND/FULL_USAGE_DSP.LOD/NORM_DELAY/i_pipe/opt_has_pipe.first_q[15]_i_1_n_0 |                3 |             15 |
|  design_1_i/clk_wiz_0/inst/clk_out1 | design_1_i/floating_point_6/U0/i_synth/i_nd_to_rdy/ce_internal_core                                                          | design_1_i/floating_point_6/U0/i_synth/SQRT_OP.SPD.OP/i_mant_calc.EXP/STATE_DEC_DELAY/i_pipe/SR[0]                                                                  |                5 |             22 |
|  design_1_i/clk_wiz_0/inst/clk_out1 | design_1_i/floating_point_2/U0/i_synth/i_nd_to_rdy/E[0]                                                                      | design_1_i/floating_point_2/U0/i_synth/DIV_OP.SPD.OP/EXP/STATE_DEC_DELAY/i_pipe/SR[0]                                                                               |                4 |             22 |
|  design_1_i/clk_wiz_0/inst/clk_out1 | design_1_i/floating_point_4/U0/i_synth/i_nd_to_rdy/ce_internal_core                                                          | design_1_i/floating_point_4/U0/i_synth/FIX_TO_FLT_OP.SPD.OP/EXP/ZERO_DELAY/i_pipe/SR[0]                                                                             |                3 |             22 |
|  design_1_i/clk_wiz_0/inst/clk_out1 | design_1_i/floating_point_3/U0/i_synth/i_nd_to_rdy/opt_has_pipe.first_q_reg[0]_0                                             | design_1_i/floating_point_3/U0/i_synth/MULT.OP/EXP/STATE_DEC_DELAY/i_pipe/SR[0]                                                                                     |                6 |             22 |
|  design_1_i/clk_wiz_0/inst/clk_out1 | design_1_i/floating_point_0/U0/i_synth/i_nd_to_rdy/opt_has_pipe.first_q_reg[0]_0                                             | design_1_i/floating_point_0/U0/i_synth/ADDSUB_OP.ADDSUB/SPEED_OP.DSP.OP/DSP48E1_BODY.EXP/DEC_STATE_PRE_OP_DELAY/i_pipe/SR[0]                                        |                1 |             22 |
|  design_1_i/clk_wiz_0/inst/clk_out1 | design_1_i/core_top_0/inst/u_core_reg/reg28[31]_i_1_n_0                                                                      | design_1_i/clk_wiz_0/inst/locked                                                                                                                                    |                1 |             24 |
|  design_1_i/clk_wiz_0/inst/clk_out1 | design_1_i/core_top_0/inst/u_core_reg/reg26[31]_i_1_n_0                                                                      | design_1_i/clk_wiz_0/inst/locked                                                                                                                                    |                3 |             24 |
|  design_1_i/clk_wiz_0/inst/clk_out1 | design_1_i/core_top_0/inst/u_core_reg/reg7[31]_i_1_n_0                                                                       | design_1_i/clk_wiz_0/inst/locked                                                                                                                                    |                0 |             24 |
|  design_1_i/clk_wiz_0/inst/clk_out1 | design_1_i/core_top_0/inst/u_core_reg/reg29[31]_i_1_n_0                                                                      | design_1_i/clk_wiz_0/inst/locked                                                                                                                                    |                1 |             24 |
|  design_1_i/clk_wiz_0/inst/clk_out1 | design_1_i/core_top_0/inst/u_core_reg/reg24[31]_i_1_n_0                                                                      | design_1_i/clk_wiz_0/inst/locked                                                                                                                                    |               19 |             24 |
|  design_1_i/clk_wiz_0/inst/clk_out1 | design_1_i/core_top_0/inst/u_core_reg/reg23[31]_i_1_n_0                                                                      | design_1_i/clk_wiz_0/inst/locked                                                                                                                                    |                1 |             24 |
|  design_1_i/clk_wiz_0/inst/clk_out1 | design_1_i/core_top_0/inst/u_core_reg/reg6[31]_i_1_n_0                                                                       | design_1_i/clk_wiz_0/inst/locked                                                                                                                                    |                0 |             24 |
|  design_1_i/clk_wiz_0/inst/clk_out1 | design_1_i/core_top_0/inst/u_core_reg/reg2[31]_i_1_n_0                                                                       | design_1_i/clk_wiz_0/inst/locked                                                                                                                                    |                7 |             24 |
|  design_1_i/clk_wiz_0/inst/clk_out1 | design_1_i/core_top_0/inst/u_core_reg/reg27[31]_i_1_n_0                                                                      | design_1_i/clk_wiz_0/inst/locked                                                                                                                                    |                4 |             24 |
|  design_1_i/clk_wiz_0/inst/clk_out1 | design_1_i/core_top_0/inst/u_core_reg/reg5[31]_i_1_n_0                                                                       | design_1_i/clk_wiz_0/inst/locked                                                                                                                                    |                0 |             24 |
|  design_1_i/clk_wiz_0/inst/clk_out1 | design_1_i/core_top_0/inst/u_core_reg/reg25[31]_i_1_n_0                                                                      | design_1_i/clk_wiz_0/inst/locked                                                                                                                                    |                9 |             24 |
|  design_1_i/clk_wiz_0/inst/clk_out1 | design_1_i/core_top_0/inst/u_core_reg/reg30[31]_i_1_n_0                                                                      | design_1_i/clk_wiz_0/inst/locked                                                                                                                                    |                0 |             24 |
|  design_1_i/clk_wiz_0/inst/clk_out1 | design_1_i/core_top_0/inst/u_core_reg/reg4[31]_i_1_n_0                                                                       | design_1_i/clk_wiz_0/inst/locked                                                                                                                                    |                1 |             24 |
|  design_1_i/clk_wiz_0/inst/clk_out1 | design_1_i/core_top_0/inst/u_core_reg/freg28[31]_i_1_n_0                                                                     | design_1_i/clk_wiz_0/inst/locked                                                                                                                                    |                1 |             24 |
|  design_1_i/clk_wiz_0/inst/clk_out1 | design_1_i/core_top_0/inst/u_core_reg/reg22[31]_i_1_n_0                                                                      | design_1_i/clk_wiz_0/inst/locked                                                                                                                                    |                0 |             24 |
|  design_1_i/clk_wiz_0/inst/clk_out1 | design_1_i/core_top_0/inst/u_core_reg/reg3[31]_i_1_n_0                                                                       | design_1_i/clk_wiz_0/inst/locked                                                                                                                                    |                3 |             24 |
|  design_1_i/clk_wiz_0/inst/clk_out1 | design_1_i/core_top_0/inst/u_core_reg/reg31[31]_i_1_n_0                                                                      | design_1_i/clk_wiz_0/inst/locked                                                                                                                                    |                0 |             24 |
|  design_1_i/clk_wiz_0/inst/clk_out1 | design_1_i/core_top_0/inst/u_core_reg/reg14[31]_i_1_n_0                                                                      | design_1_i/clk_wiz_0/inst/locked                                                                                                                                    |                1 |             24 |
|  design_1_i/clk_wiz_0/inst/clk_out1 | design_1_i/core_top_0/inst/u_core_reg/freg3[31]_i_1_n_0                                                                      | design_1_i/clk_wiz_0/inst/locked                                                                                                                                    |                6 |             24 |
|  design_1_i/clk_wiz_0/inst/clk_out1 | design_1_i/core_top_0/inst/u_core_reg/freg4[31]_i_1_n_0                                                                      | design_1_i/clk_wiz_0/inst/locked                                                                                                                                    |                1 |             24 |
|  design_1_i/clk_wiz_0/inst/clk_out1 | design_1_i/core_top_0/inst/u_core_reg/freg5[31]_i_1_n_0                                                                      | design_1_i/clk_wiz_0/inst/locked                                                                                                                                    |                1 |             24 |
|  design_1_i/clk_wiz_0/inst/clk_out1 | design_1_i/core_top_0/inst/u_core_reg/freg6[31]_i_1_n_0                                                                      | design_1_i/clk_wiz_0/inst/locked                                                                                                                                    |                0 |             24 |
|  design_1_i/clk_wiz_0/inst/clk_out1 | design_1_i/core_top_0/inst/u_core_reg/freg7[31]_i_1_n_0                                                                      | design_1_i/clk_wiz_0/inst/locked                                                                                                                                    |                0 |             24 |
|  design_1_i/clk_wiz_0/inst/clk_out1 | design_1_i/core_top_0/inst/u_core_reg/freg8[31]_i_1_n_0                                                                      | design_1_i/clk_wiz_0/inst/locked                                                                                                                                    |                0 |             24 |
|  design_1_i/clk_wiz_0/inst/clk_out1 | design_1_i/core_top_0/inst/u_core_reg/freg9[31]_i_1_n_0                                                                      | design_1_i/clk_wiz_0/inst/locked                                                                                                                                    |                1 |             24 |
|  design_1_i/clk_wiz_0/inst/clk_out1 | design_1_i/core_top_0/inst/u_core_reg/reg10[31]_i_1_n_0                                                                      | design_1_i/clk_wiz_0/inst/locked                                                                                                                                    |               16 |             24 |
|  design_1_i/clk_wiz_0/inst/clk_out1 | design_1_i/core_top_0/inst/u_core_reg/reg11[31]_i_1_n_0                                                                      | design_1_i/clk_wiz_0/inst/locked                                                                                                                                    |               11 |             24 |
|  design_1_i/clk_wiz_0/inst/clk_out1 | design_1_i/core_top_0/inst/u_core_reg/reg12[31]_i_1_n_0                                                                      | design_1_i/clk_wiz_0/inst/locked                                                                                                                                    |                6 |             24 |
|  design_1_i/clk_wiz_0/inst/clk_out1 | design_1_i/core_top_0/inst/u_core_reg/reg13[31]_i_1_n_0                                                                      | design_1_i/clk_wiz_0/inst/locked                                                                                                                                    |                0 |             24 |
|  design_1_i/clk_wiz_0/inst/clk_out1 | design_1_i/core_top_0/inst/u_core_reg/freg31[31]_i_1_n_0                                                                     | design_1_i/clk_wiz_0/inst/locked                                                                                                                                    |                0 |             24 |
|  design_1_i/clk_wiz_0/inst/clk_out1 | design_1_i/core_top_0/inst/u_core_reg/reg15[31]_i_1_n_0                                                                      | design_1_i/clk_wiz_0/inst/locked                                                                                                                                    |                0 |             24 |
|  design_1_i/clk_wiz_0/inst/clk_out1 | design_1_i/core_top_0/inst/u_core_reg/reg16[31]_i_1_n_0                                                                      | design_1_i/clk_wiz_0/inst/locked                                                                                                                                    |               16 |             24 |
|  design_1_i/clk_wiz_0/inst/clk_out1 | design_1_i/core_top_0/inst/u_core_reg/reg17[31]_i_1_n_0                                                                      | design_1_i/clk_wiz_0/inst/locked                                                                                                                                    |               11 |             24 |
|  design_1_i/clk_wiz_0/inst/clk_out1 | design_1_i/core_top_0/inst/u_core_reg/reg18[31]_i_1_n_0                                                                      | design_1_i/clk_wiz_0/inst/locked                                                                                                                                    |                4 |             24 |
|  design_1_i/clk_wiz_0/inst/clk_out1 | design_1_i/core_top_0/inst/u_core_reg/reg19[31]_i_1_n_0                                                                      | design_1_i/clk_wiz_0/inst/locked                                                                                                                                    |                1 |             24 |
|  design_1_i/clk_wiz_0/inst/clk_out1 | design_1_i/core_top_0/inst/u_core_reg/reg1[31]_i_1_n_0                                                                       | design_1_i/clk_wiz_0/inst/locked                                                                                                                                    |               15 |             24 |
|  design_1_i/clk_wiz_0/inst/clk_out1 | design_1_i/core_top_0/inst/u_core_reg/reg20[31]_i_1_n_0                                                                      | design_1_i/clk_wiz_0/inst/locked                                                                                                                                    |                4 |             24 |
|  design_1_i/clk_wiz_0/inst/clk_out1 | design_1_i/core_top_0/inst/u_core_reg/reg21[31]_i_1_n_0                                                                      | design_1_i/clk_wiz_0/inst/locked                                                                                                                                    |                0 |             24 |
|  design_1_i/clk_wiz_0/inst/clk_out1 | design_1_i/core_top_0/inst/u_core_reg/freg10[31]_i_1_n_0                                                                     | design_1_i/clk_wiz_0/inst/locked                                                                                                                                    |               16 |             24 |
|  design_1_i/clk_wiz_0/inst/clk_out1 | design_1_i/core_top_0/inst/u_core_reg/freg11[31]_i_1_n_0                                                                     | design_1_i/clk_wiz_0/inst/locked                                                                                                                                    |               16 |             24 |
|  design_1_i/clk_wiz_0/inst/clk_out1 | design_1_i/core_top_0/inst/u_core_reg/freg20[31]_i_1_n_0                                                                     | design_1_i/clk_wiz_0/inst/locked                                                                                                                                    |                1 |             24 |
|  design_1_i/clk_wiz_0/inst/clk_out1 | design_1_i/core_top_0/inst/u_core_reg/reg9[31]_i_1_n_0                                                                       | design_1_i/clk_wiz_0/inst/locked                                                                                                                                    |                0 |             24 |
|  design_1_i/clk_wiz_0/inst/clk_out1 | design_1_i/core_top_0/inst/u_core_reg/freg12[31]_i_1_n_0                                                                     | design_1_i/clk_wiz_0/inst/locked                                                                                                                                    |                7 |             24 |
|  design_1_i/clk_wiz_0/inst/clk_out1 | design_1_i/core_top_0/inst/u_core_reg/freg13[31]_i_1_n_0                                                                     | design_1_i/clk_wiz_0/inst/locked                                                                                                                                    |                2 |             24 |
|  design_1_i/clk_wiz_0/inst/clk_out1 | design_1_i/core_top_0/inst/u_core_reg/freg14[31]_i_1_n_0                                                                     | design_1_i/clk_wiz_0/inst/locked                                                                                                                                    |                0 |             24 |
|  design_1_i/clk_wiz_0/inst/clk_out1 | design_1_i/core_top_0/inst/u_core_reg/freg15[31]_i_1_n_0                                                                     | design_1_i/clk_wiz_0/inst/locked                                                                                                                                    |                0 |             24 |
|  design_1_i/clk_wiz_0/inst/clk_out1 | design_1_i/core_top_0/inst/u_core_reg/freg16[31]_i_1_n_0                                                                     | design_1_i/clk_wiz_0/inst/locked                                                                                                                                    |               16 |             24 |
|  design_1_i/clk_wiz_0/inst/clk_out1 | design_1_i/core_top_0/inst/u_core_reg/freg17[31]_i_1_n_0                                                                     | design_1_i/clk_wiz_0/inst/locked                                                                                                                                    |                9 |             24 |
|  design_1_i/clk_wiz_0/inst/clk_out1 | design_1_i/core_top_0/inst/u_core_reg/freg18[31]_i_1_n_0                                                                     | design_1_i/clk_wiz_0/inst/locked                                                                                                                                    |                6 |             24 |
|  design_1_i/clk_wiz_0/inst/clk_out1 | design_1_i/core_top_0/inst/u_core_reg/freg19[31]_i_1_n_0                                                                     | design_1_i/clk_wiz_0/inst/locked                                                                                                                                    |                3 |             24 |
|  design_1_i/clk_wiz_0/inst/clk_out1 | design_1_i/core_top_0/inst/u_core_reg/freg1[31]_i_1_n_0                                                                      | design_1_i/clk_wiz_0/inst/locked                                                                                                                                    |               18 |             24 |
|  design_1_i/clk_wiz_0/inst/clk_out1 | design_1_i/core_top_0/inst/u_core_reg/reg8[31]_i_1_n_0                                                                       | design_1_i/clk_wiz_0/inst/locked                                                                                                                                    |                1 |             24 |
|  design_1_i/clk_wiz_0/inst/clk_out1 | design_1_i/core_top_0/inst/u_core_reg/freg21[31]_i_1_n_0                                                                     | design_1_i/clk_wiz_0/inst/locked                                                                                                                                    |                0 |             24 |
|  design_1_i/clk_wiz_0/inst/clk_out1 | design_1_i/core_top_0/inst/u_core_reg/freg22[31]_i_1_n_0                                                                     | design_1_i/clk_wiz_0/inst/locked                                                                                                                                    |                1 |             24 |
|  design_1_i/clk_wiz_0/inst/clk_out1 | design_1_i/core_top_0/inst/u_core_reg/freg23[31]_i_1_n_0                                                                     | design_1_i/clk_wiz_0/inst/locked                                                                                                                                    |                0 |             24 |
|  design_1_i/clk_wiz_0/inst/clk_out1 | design_1_i/core_top_0/inst/u_core_reg/freg24[31]_i_1_n_0                                                                     | design_1_i/clk_wiz_0/inst/locked                                                                                                                                    |               15 |             24 |
|  design_1_i/clk_wiz_0/inst/clk_out1 | design_1_i/core_top_0/inst/u_core_reg/freg25[31]_i_1_n_0                                                                     | design_1_i/clk_wiz_0/inst/locked                                                                                                                                    |               10 |             24 |
|  design_1_i/clk_wiz_0/inst/clk_out1 | design_1_i/core_top_0/inst/u_core_reg/freg26[31]_i_1_n_0                                                                     | design_1_i/clk_wiz_0/inst/locked                                                                                                                                    |                3 |             24 |
|  design_1_i/clk_wiz_0/inst/clk_out1 | design_1_i/core_top_0/inst/u_core_reg/freg27[31]_i_1_n_0                                                                     | design_1_i/clk_wiz_0/inst/locked                                                                                                                                    |                1 |             24 |
|  design_1_i/clk_wiz_0/inst/clk_out1 | design_1_i/core_top_0/inst/u_core_reg/freg29[31]_i_1_n_0                                                                     | design_1_i/clk_wiz_0/inst/locked                                                                                                                                    |                0 |             24 |
|  design_1_i/clk_wiz_0/inst/clk_out1 | design_1_i/core_top_0/inst/u_core_reg/freg2[31]_i_1_n_0                                                                      | design_1_i/clk_wiz_0/inst/locked                                                                                                                                    |                2 |             24 |
|  design_1_i/clk_wiz_0/inst/clk_out1 | design_1_i/core_top_0/inst/u_core_reg/freg30[31]_i_1_n_0                                                                     | design_1_i/clk_wiz_0/inst/locked                                                                                                                                    |                0 |             24 |
|  design_1_i/clk_wiz_0/inst/clk_out1 | design_1_i/floating_point_6/U0/i_synth/i_nd_to_rdy/ce_internal_core                                                          | design_1_i/floating_point_6/U0/i_synth/sclr_i                                                                                                                       |                1 |             28 |
|  design_1_i/clk_wiz_0/inst/clk_out1 | design_1_i/floating_point_2/U0/i_synth/i_nd_to_rdy/E[0]                                                                      | design_1_i/floating_point_2/U0/i_synth/sclr_i                                                                                                                       |                2 |             28 |
|  design_1_i/clk_wiz_0/inst/clk_out1 |                                                                                                                              | design_1_i/core_top_0/inst/u_core_decode/RESULT_reg[31]_1[0]                                                                                                        |                5 |             31 |
|  design_1_i/clk_wiz_0/inst/clk_out1 | design_1_i/floating_point_5/U0/i_synth/i_nd_to_rdy/ce_internal_core                                                          | design_1_i/floating_point_5/U0/i_synth/i_nd_to_rdy/SR[0]                                                                                                            |                5 |             31 |
|  design_1_i/clk_wiz_0/inst/clk_out1 | design_1_i/floating_point_2/U0/i_synth/need_combiner.use_2to1.skid_buffer_combiner/gen_has_z_tready.reg1_b_tdata[31]_i_1_n_0 |                                                                                                                                                                     |                3 |             32 |
|  design_1_i/clk_wiz_0/inst/clk_out1 | design_1_i/floating_point_6/U0/i_synth/need_combiner.use_2to1.skid_buffer_combiner/p_30_in                                   |                                                                                                                                                                     |                0 |             32 |
|  design_1_i/clk_wiz_0/inst/clk_out1 | design_1_i/floating_point_6/U0/i_synth/need_combiner.use_2to1.skid_buffer_combiner/reg1_a_wr                                 |                                                                                                                                                                     |                6 |             32 |
|  design_1_i/clk_wiz_0/inst/clk_out1 | design_1_i/floating_point_0/U0/i_synth/need_combiner.use_3to1.skid_buffer_combiner/p_48_in                                   |                                                                                                                                                                     |                0 |             32 |
|  design_1_i/clk_wiz_0/inst/clk_out1 | design_1_i/floating_point_0/U0/i_synth/need_combiner.use_3to1.skid_buffer_combiner/p_35_in                                   |                                                                                                                                                                     |                0 |             32 |
|  design_1_i/clk_wiz_0/inst/clk_out1 | design_1_i/floating_point_0/U0/i_synth/need_combiner.use_3to1.skid_buffer_combiner/b_tx                                      |                                                                                                                                                                     |                4 |             32 |
|  design_1_i/clk_wiz_0/inst/clk_out1 | design_1_i/floating_point_0/U0/i_synth/need_combiner.use_3to1.skid_buffer_combiner/a_tx                                      |                                                                                                                                                                     |                2 |             32 |
|  design_1_i/clk_wiz_0/inst/clk_out1 | design_1_i/floating_point_5/U0/i_synth/need_combiner.use_2to1.skid_buffer_combiner/p_30_in                                   |                                                                                                                                                                     |                0 |             32 |
|  design_1_i/clk_wiz_0/inst/clk_out1 | design_1_i/floating_point_5/U0/i_synth/need_combiner.use_2to1.skid_buffer_combiner/reg1_a_wr                                 |                                                                                                                                                                     |                5 |             32 |
|  design_1_i/clk_wiz_0/inst/clk_out1 | design_1_i/core_top_0/inst/u_core_reg/E[0]                                                                                   | design_1_i/clk_wiz_0/inst/locked                                                                                                                                    |                2 |             32 |
|  design_1_i/clk_wiz_0/inst/clk_out1 | design_1_i/floating_point_1/U0/i_synth/need_combiner.use_3to1.skid_buffer_combiner/b_tx                                      |                                                                                                                                                                     |                3 |             32 |
|  design_1_i/clk_wiz_0/inst/clk_out1 | design_1_i/floating_point_1/U0/i_synth/need_combiner.use_3to1.skid_buffer_combiner/a_tx                                      |                                                                                                                                                                     |                4 |             32 |
|  design_1_i/clk_wiz_0/inst/clk_out1 | design_1_i/floating_point_4/U0/i_synth/need_combiner.use_2to1.skid_buffer_combiner/p_30_in                                   |                                                                                                                                                                     |                1 |             32 |
|  design_1_i/clk_wiz_0/inst/clk_out1 | design_1_i/floating_point_4/U0/i_synth/need_combiner.use_2to1.skid_buffer_combiner/reg1_a_wr                                 |                                                                                                                                                                     |                4 |             32 |
|  design_1_i/clk_wiz_0/inst/clk_out1 | design_1_i/floating_point_2/U0/i_synth/need_combiner.use_2to1.skid_buffer_combiner/gen_has_z_tready.reg1_a_tdata[31]_i_1_n_0 |                                                                                                                                                                     |                3 |             32 |
|  design_1_i/clk_wiz_0/inst/clk_out1 | design_1_i/floating_point_1/U0/i_synth/need_combiner.use_3to1.skid_buffer_combiner/p_48_in                                   |                                                                                                                                                                     |                0 |             32 |
|  design_1_i/clk_wiz_0/inst/clk_out1 | design_1_i/floating_point_1/U0/i_synth/need_combiner.use_3to1.skid_buffer_combiner/p_35_in                                   |                                                                                                                                                                     |                3 |             32 |
|  design_1_i/clk_wiz_0/inst/clk_out1 | design_1_i/floating_point_3/U0/i_synth/need_combiner.use_2to1.skid_buffer_combiner/gen_has_z_tready.reg1_a_tdata[31]_i_1_n_0 |                                                                                                                                                                     |                4 |             32 |
|  design_1_i/clk_wiz_0/inst/clk_out1 | design_1_i/floating_point_3/U0/i_synth/need_combiner.use_2to1.skid_buffer_combiner/gen_has_z_tready.reg1_b_tdata[31]_i_1_n_0 |                                                                                                                                                                     |                3 |             32 |
|  design_1_i/clk_wiz_0/inst/clk_out1 | design_1_i/floating_point_3/U0/i_synth/need_combiner.use_2to1.skid_buffer_combiner/p_16_in                                   |                                                                                                                                                                     |                0 |             32 |
|  design_1_i/clk_wiz_0/inst/clk_out1 | design_1_i/floating_point_3/U0/i_synth/need_combiner.use_2to1.skid_buffer_combiner/p_30_in                                   |                                                                                                                                                                     |                0 |             32 |
|  design_1_i/clk_wiz_0/inst/clk_out1 | design_1_i/floating_point_2/U0/i_synth/need_combiner.use_2to1.skid_buffer_combiner/p_30_in                                   |                                                                                                                                                                     |                0 |             32 |
|  design_1_i/clk_wiz_0/inst/clk_out1 | design_1_i/floating_point_2/U0/i_synth/need_combiner.use_2to1.skid_buffer_combiner/p_16_in                                   |                                                                                                                                                                     |                0 |             32 |
|  design_1_i/clk_wiz_0/inst/clk_out1 | design_1_i/floating_point_3/U0/i_synth/i_nd_to_rdy/opt_has_pipe.first_q_reg[0]_0                                             |                                                                                                                                                                     |               25 |            147 |
|  design_1_i/clk_wiz_0/inst/clk_out1 | design_1_i/floating_point_5/U0/i_synth/i_nd_to_rdy/ce_internal_core                                                          |                                                                                                                                                                     |               30 |            168 |
|  design_1_i/clk_wiz_0/inst/clk_out1 |                                                                                                                              |                                                                                                                                                                     |               44 |            176 |
|  design_1_i/clk_wiz_0/inst/clk_out1 | design_1_i/floating_point_4/U0/i_synth/i_nd_to_rdy/ce_internal_core                                                          |                                                                                                                                                                     |               28 |            191 |
|  design_1_i/clk_wiz_0/inst/clk_out1 |                                                                                                                              | design_1_i/clk_wiz_0/inst/locked                                                                                                                                    |               94 |            247 |
|  design_1_i/clk_wiz_0/inst/clk_out1 | design_1_i/floating_point_0/U0/i_synth/i_nd_to_rdy/opt_has_pipe.first_q_reg[0]_0                                             |                                                                                                                                                                     |               43 |            273 |
|  design_1_i/clk_wiz_0/inst/clk_out1 | design_1_i/floating_point_6/U0/i_synth/i_nd_to_rdy/ce_internal_core                                                          |                                                                                                                                                                     |              117 |            784 |
|  design_1_i/clk_wiz_0/inst/clk_out1 | design_1_i/floating_point_2/U0/i_synth/i_nd_to_rdy/E[0]                                                                      |                                                                                                                                                                     |              183 |           1356 |
+-------------------------------------+------------------------------------------------------------------------------------------------------------------------------+---------------------------------------------------------------------------------------------------------------------------------------------------------------------+------------------+----------------+


+--------+-----------------------+
| Fanout | Number of ControlSets |
+--------+-----------------------+
| 2      |                     6 |
| 3      |                     2 |
| 4      |                     3 |
| 6      |                     7 |
| 7      |                     7 |
| 8      |                    71 |
| 9      |                     2 |
| 10     |                     3 |
| 11     |                     1 |
| 15     |                     2 |
| 16+    |                   102 |
+--------+-----------------------+


