Copyright 1986-2016 Xilinx, Inc. All Rights Reserved.
-----------------------------------------------------------------------------------------------------------------------------
| Tool Version : Vivado v.2016.4 (lin64) Build 1756540 Mon Jan 23 19:11:19 MST 2017
| Date         : Mon Dec  4 21:05:18 2017
| Host         : ispc2016 running 64-bit Ubuntu 14.04.5 LTS
| Command      : report_utilization -file design_1_wrapper_utilization_placed.rpt -pb design_1_wrapper_utilization_placed.pb
| Design       : design_1_wrapper
| Device       : xcku040ffva1156-2
| Design State : Fully Placed
-----------------------------------------------------------------------------------------------------------------------------

Utilization Design Information

Table of Contents
-----------------
1. CLB Logic
1.1 Summary of Registers by Type
2. CLB Logic Distribution
3. BLOCKRAM
4. ARITHMETIC
5. I/O
6. CLOCK
7. ADVANCED
8. CONFIGURATION
9. Primitives
10. Black Boxes
11. Instantiated Netlists

1. CLB Logic
------------

+----------------------------+-------+-------+-----------+-------+
|          Site Type         |  Used | Fixed | Available | Util% |
+----------------------------+-------+-------+-----------+-------+
| CLB LUTs                   | 18075 |     0 |    242400 |  7.46 |
|   LUT as Logic             | 14604 |     0 |    242400 |  6.02 |
|   LUT as Memory            |  3471 |     0 |    112800 |  3.08 |
|     LUT as Distributed RAM |    32 |     0 |           |       |
|     LUT as Shift Register  |  3439 |     0 |           |       |
| CLB Registers              | 27148 |     0 |    484800 |  5.60 |
|   Register as Flip Flop    | 27148 |     0 |    484800 |  5.60 |
|   Register as Latch        |     0 |     0 |    484800 |  0.00 |
| CARRY8                     |   620 |     0 |     30300 |  2.05 |
| F7 Muxes                   |  1533 |     0 |    121200 |  1.26 |
| F8 Muxes                   |   306 |     0 |     60600 |  0.50 |
| F9 Muxes                   |     0 |     0 |     30300 |  0.00 |
+----------------------------+-------+-------+-----------+-------+


1.1 Summary of Registers by Type
--------------------------------

+-------+--------------+-------------+--------------+
| Total | Clock Enable | Synchronous | Asynchronous |
+-------+--------------+-------------+--------------+
| 0     |            _ |           - |            - |
| 0     |            _ |           - |          Set |
| 0     |            _ |           - |        Reset |
| 0     |            _ |         Set |            - |
| 0     |            _ |       Reset |            - |
| 0     |          Yes |           - |            - |
| 40    |          Yes |           - |          Set |
| 177   |          Yes |           - |        Reset |
| 58    |          Yes |         Set |            - |
| 26873 |          Yes |       Reset |            - |
+-------+--------------+-------------+--------------+


2. CLB Logic Distribution
-------------------------

+-------------------------------------------+-------+-------+-----------+-------+
|                 Site Type                 |  Used | Fixed | Available | Util% |
+-------------------------------------------+-------+-------+-----------+-------+
| CLB                                       |  4395 |     0 |     30300 | 14.50 |
|   CLBL                                    |  2181 |     0 |           |       |
|   CLBM                                    |  2214 |     0 |           |       |
| LUT as Logic                              | 14604 |     0 |    242400 |  6.02 |
|   using O5 output only                    |   247 |       |           |       |
|   using O6 output only                    | 12973 |       |           |       |
|   using O5 and O6                         |  1384 |       |           |       |
| LUT as Memory                             |  3471 |     0 |    112800 |  3.08 |
|   LUT as Distributed RAM                  |    32 |     0 |           |       |
|     using O5 output only                  |     0 |       |           |       |
|     using O6 output only                  |     0 |       |           |       |
|     using O5 and O6                       |    32 |       |           |       |
|   LUT as Shift Register                   |  3439 |     0 |           |       |
|     using O5 output only                  |     0 |       |           |       |
|     using O6 output only                  |   355 |       |           |       |
|     using O5 and O6                       |  3084 |       |           |       |
| LUT Flip Flop Pairs                       |  8414 |     0 |    242400 |  3.47 |
|   fully used LUT-FF pairs                 |   650 |       |           |       |
|   LUT-FF pairs with one unused LUT output |  7633 |       |           |       |
|   LUT-FF pairs with one unused Flip Flop  |  6214 |       |           |       |
| Unique Control Sets                       |   603 |       |           |       |
+-------------------------------------------+-------+-------+-----------+-------+
* Note: Review the Control Sets Report for more information regarding control sets.


3. BLOCKRAM
-----------

+-------------------+-------+-------+-----------+-------+
|     Site Type     |  Used | Fixed | Available | Util% |
+-------------------+-------+-------+-----------+-------+
| Block RAM Tile    | 495.5 |     0 |       600 | 82.58 |
|   RAMB36/FIFO*    |   491 |     0 |       600 | 81.83 |
|     RAMB36E2 only |   491 |       |           |       |
|   RAMB18          |     9 |     0 |      1200 |  0.75 |
|     RAMB18E2 only |     9 |       |           |       |
+-------------------+-------+-------+-----------+-------+
* Note: Each Block RAM Tile only has one FIFO logic available and therefore can accommodate only one FIFO36E2 or one FIFO18E2. However, if a FIFO18E2 occupies a Block RAM Tile, that tile can still accommodate a RAMB18E2


4. ARITHMETIC
-------------

+----------------+------+-------+-----------+-------+
|    Site Type   | Used | Fixed | Available | Util% |
+----------------+------+-------+-----------+-------+
| DSPs           |    4 |     0 |      1920 |  0.21 |
|   DSP48E2 only |    4 |       |           |       |
+----------------+------+-------+-----------+-------+


5. I/O
------

+------------------+------+-------+-----------+-------+
|     Site Type    | Used | Fixed | Available | Util% |
+------------------+------+-------+-----------+-------+
| Bonded IOB       |    5 |     5 |       520 |  0.96 |
| HPIOB            |    2 |     2 |       416 |  0.48 |
|   INPUT          |    2 |       |           |       |
|   OUTPUT         |    0 |       |           |       |
|   BIDIR          |    0 |       |           |       |
| HRIO             |    3 |     3 |       104 |  2.88 |
|   INPUT          |    2 |       |           |       |
|   OUTPUT         |    1 |       |           |       |
|   BIDIR          |    0 |       |           |       |
| HPIOBDIFFINBUF   |    1 |     1 |       192 |  0.52 |
|   DIFFINBUF      |    1 |     1 |           |       |
| HPIOBDIFFOUTBUF  |    0 |     0 |       192 |  0.00 |
| HRIODIFFINBUF    |    0 |     0 |        48 |  0.00 |
| HRIODIFFOUTBUF   |    0 |     0 |        48 |  0.00 |
| BITSLICE_CONTROL |    0 |     0 |        80 |  0.00 |
| BITSLICE_RX_TX   |    0 |     0 |       520 |  0.00 |
| BITSLICE_TX      |    0 |     0 |        80 |  0.00 |
| RIU_OR           |    0 |     0 |        40 |  0.00 |
+------------------+------+-------+-----------+-------+


6. CLOCK
--------

+----------------------+------+-------+-----------+-------+
|       Site Type      | Used | Fixed | Available | Util% |
+----------------------+------+-------+-----------+-------+
| GLOBAL CLOCK BUFFERs |    3 |     0 |       480 |  0.63 |
|   BUFGCE             |    3 |     0 |       240 |  1.25 |
|   BUFGCE_DIV         |    0 |     0 |        40 |  0.00 |
|   BUFG_GT            |    0 |     0 |       120 |  0.00 |
|   BUFGCTRL*          |    0 |     0 |        80 |  0.00 |
| PLLE3_ADV            |    0 |     0 |        20 |  0.00 |
| MMCME3_ADV           |    1 |     0 |        10 | 10.00 |
+----------------------+------+-------+-----------+-------+
* Note: Each used BUFGCTRL counts as two global buffer resources. This table does not include global clocking resources, only buffer cell usage. See the Clock Utilization Report (report_clock_utilization) for detailed accounting of global clocking resource availability.


7. ADVANCED
-----------

+-----------------+------+-------+-----------+-------+
|    Site Type    | Used | Fixed | Available | Util% |
+-----------------+------+-------+-----------+-------+
| GTHE3_CHANNEL   |    0 |     0 |        20 |  0.00 |
| GTHE3_COMMON    |    0 |     0 |         5 |  0.00 |
| IBUFDS_GTE3     |    0 |     0 |        10 |  0.00 |
| OBUFDS_GTE3     |    0 |     0 |        10 |  0.00 |
| OBUFDS_GTE3_ADV |    0 |     0 |        10 |  0.00 |
| PCIE_3_1        |    0 |     0 |         3 |  0.00 |
| SYSMONE1        |    0 |     0 |         1 |  0.00 |
+-----------------+------+-------+-----------+-------+


8. CONFIGURATION
----------------

+-------------+------+-------+-----------+-------+
|  Site Type  | Used | Fixed | Available | Util% |
+-------------+------+-------+-----------+-------+
| BSCANE2     |    1 |     0 |         4 | 25.00 |
| DNA_PORTE2  |    0 |     0 |         1 |  0.00 |
| EFUSE_USR   |    0 |     0 |         1 |  0.00 |
| FRAME_ECCE3 |    0 |     0 |         1 |  0.00 |
| ICAPE3      |    0 |     0 |         2 |  0.00 |
| STARTUPE3   |    0 |     0 |         1 |  0.00 |
+-------------+------+-------+-----------+-------+


9. Primitives
-------------

+------------+-------+---------------------+
|  Ref Name  |  Used | Functional Category |
+------------+-------+---------------------+
| FDRE       | 26873 |            Register |
| LUT6       |  8065 |                 CLB |
| SRL16E     |  4532 |                 CLB |
| LUT4       |  3007 |                 CLB |
| LUT3       |  2372 |                 CLB |
| SRLC32E    |  1987 |                 CLB |
| MUXF7      |  1533 |                 CLB |
| LUT5       |  1261 |                 CLB |
| LUT2       |   914 |                 CLB |
| CARRY8     |   620 |                 CLB |
| RAMB36E2   |   491 |           Block Ram |
| LUT1       |   369 |                 CLB |
| MUXF8      |   306 |                 CLB |
| FDCE       |   177 |            Register |
| FDSE       |    58 |            Register |
| RAMD32     |    56 |                 CLB |
| FDPE       |    40 |            Register |
| RAMB18E2   |     9 |           Block Ram |
| RAMS32     |     8 |                 CLB |
| SRLC16E    |     4 |                 CLB |
| DSP48E2    |     4 |          Arithmetic |
| IBUFCTRL   |     3 |              Others |
| BUFGCE     |     3 |               Clock |
| INBUF      |     2 |                 I/O |
| OBUF       |     1 |                 I/O |
| MMCME3_ADV |     1 |               Clock |
| DIFFINBUF  |     1 |                 I/O |
| BSCANE2    |     1 |       Configuration |
+------------+-------+---------------------+


10. Black Boxes
---------------

+----------+------+
| Ref Name | Used |
+----------+------+


11. Instantiated Netlists
-------------------------

+------------+------+
|  Ref Name  | Used |
+------------+------+
| u_ila_0_CV |    1 |
| dbg_hub_CV |    1 |
+------------+------+


