Copyright 1986-2016 Xilinx, Inc. All Rights Reserved.
-----------------------------------------------------------------------------------------------------------------------------
| Tool Version : Vivado v.2016.4 (lin64) Build 1756540 Mon Jan 23 19:11:19 MST 2017
| Date         : Fri Dec  1 19:24:46 2017
| Host         : ispc2016 running 64-bit Ubuntu 14.04.5 LTS
| Command      : report_utilization -file design_1_wrapper_utilization_placed.rpt -pb design_1_wrapper_utilization_placed.pb
| Design       : design_1_wrapper
| Device       : xcku040ffva1156-2
| Design State : Fully Placed
-----------------------------------------------------------------------------------------------------------------------------

Utilization Design Information

Table of Contents
-----------------
1. CLB Logic
1.1 Summary of Registers by Type
2. CLB Logic Distribution
3. BLOCKRAM
4. ARITHMETIC
5. I/O
6. CLOCK
7. ADVANCED
8. CONFIGURATION
9. Primitives
10. Black Boxes
11. Instantiated Netlists

1. CLB Logic
------------

+----------------------------+------+-------+-----------+-------+
|          Site Type         | Used | Fixed | Available | Util% |
+----------------------------+------+-------+-----------+-------+
| CLB LUTs                   | 1502 |     0 |    242400 |  0.62 |
|   LUT as Logic             | 1267 |     0 |    242400 |  0.52 |
|   LUT as Memory            |  235 |     0 |    112800 |  0.21 |
|     LUT as Distributed RAM |   32 |     0 |           |       |
|     LUT as Shift Register  |  203 |     0 |           |       |
| CLB Registers              | 2329 |     0 |    484800 |  0.48 |
|   Register as Flip Flop    | 2329 |     0 |    484800 |  0.48 |
|   Register as Latch        |    0 |     0 |    484800 |  0.00 |
| CARRY8                     |   30 |     0 |     30300 |  0.10 |
| F7 Muxes                   |   11 |     0 |    121200 | <0.01 |
| F8 Muxes                   |    0 |     0 |     60600 |  0.00 |
| F9 Muxes                   |    0 |     0 |     30300 |  0.00 |
+----------------------------+------+-------+-----------+-------+


1.1 Summary of Registers by Type
--------------------------------

+-------+--------------+-------------+--------------+
| Total | Clock Enable | Synchronous | Asynchronous |
+-------+--------------+-------------+--------------+
| 0     |            _ |           - |            - |
| 0     |            _ |           - |          Set |
| 0     |            _ |           - |        Reset |
| 0     |            _ |         Set |            - |
| 0     |            _ |       Reset |            - |
| 0     |          Yes |           - |            - |
| 40    |          Yes |           - |          Set |
| 171   |          Yes |           - |        Reset |
| 25    |          Yes |         Set |            - |
| 2093  |          Yes |       Reset |            - |
+-------+--------------+-------------+--------------+


2. CLB Logic Distribution
-------------------------

+-------------------------------------------+------+-------+-----------+-------+
|                 Site Type                 | Used | Fixed | Available | Util% |
+-------------------------------------------+------+-------+-----------+-------+
| CLB                                       |  436 |     0 |     30300 |  1.44 |
|   CLBL                                    |  182 |     0 |           |       |
|   CLBM                                    |  254 |     0 |           |       |
| LUT as Logic                              | 1267 |     0 |    242400 |  0.52 |
|   using O5 output only                    |   58 |       |           |       |
|   using O6 output only                    | 1002 |       |           |       |
|   using O5 and O6                         |  207 |       |           |       |
| LUT as Memory                             |  235 |     0 |    112800 |  0.21 |
|   LUT as Distributed RAM                  |   32 |     0 |           |       |
|     using O5 output only                  |    0 |       |           |       |
|     using O6 output only                  |    0 |       |           |       |
|     using O5 and O6                       |   32 |       |           |       |
|   LUT as Shift Register                   |  203 |     0 |           |       |
|     using O5 output only                  |    0 |       |           |       |
|     using O6 output only                  |   63 |       |           |       |
|     using O5 and O6                       |  140 |       |           |       |
| LUT Flip Flop Pairs                       |  774 |     0 |    242400 |  0.32 |
|   fully used LUT-FF pairs                 |   90 |       |           |       |
|   LUT-FF pairs with one unused LUT output |  650 |       |           |       |
|   LUT-FF pairs with one unused Flip Flop  |  566 |       |           |       |
| Unique Control Sets                       |  141 |       |           |       |
+-------------------------------------------+------+-------+-----------+-------+
* Note: Review the Control Sets Report for more information regarding control sets.


3. BLOCKRAM
-----------

+-------------------+------+-------+-----------+-------+
|     Site Type     | Used | Fixed | Available | Util% |
+-------------------+------+-------+-----------+-------+
| Block RAM Tile    |  2.5 |     0 |       600 |  0.42 |
|   RAMB36/FIFO*    |    2 |     0 |       600 |  0.33 |
|     RAMB36E2 only |    2 |       |           |       |
|   RAMB18          |    1 |     0 |      1200 |  0.08 |
|     RAMB18E2 only |    1 |       |           |       |
+-------------------+------+-------+-----------+-------+
* Note: Each Block RAM Tile only has one FIFO logic available and therefore can accommodate only one FIFO36E2 or one FIFO18E2. However, if a FIFO18E2 occupies a Block RAM Tile, that tile can still accommodate a RAMB18E2


4. ARITHMETIC
-------------

+-----------+------+-------+-----------+-------+
| Site Type | Used | Fixed | Available | Util% |
+-----------+------+-------+-----------+-------+
| DSPs      |    0 |     0 |      1920 |  0.00 |
+-----------+------+-------+-----------+-------+


5. I/O
------

+------------------+------+-------+-----------+-------+
|     Site Type    | Used | Fixed | Available | Util% |
+------------------+------+-------+-----------+-------+
| Bonded IOB       |    5 |     5 |       520 |  0.96 |
| HPIOB            |    2 |     2 |       416 |  0.48 |
|   INPUT          |    2 |       |           |       |
|   OUTPUT         |    0 |       |           |       |
|   BIDIR          |    0 |       |           |       |
| HRIO             |    3 |     3 |       104 |  2.88 |
|   INPUT          |    2 |       |           |       |
|   OUTPUT         |    1 |       |           |       |
|   BIDIR          |    0 |       |           |       |
| HPIOBDIFFINBUF   |    1 |     1 |       192 |  0.52 |
|   DIFFINBUF      |    1 |     1 |           |       |
| HPIOBDIFFOUTBUF  |    0 |     0 |       192 |  0.00 |
| HRIODIFFINBUF    |    0 |     0 |        48 |  0.00 |
| HRIODIFFOUTBUF   |    0 |     0 |        48 |  0.00 |
| BITSLICE_CONTROL |    0 |     0 |        80 |  0.00 |
| BITSLICE_RX_TX   |    0 |     0 |       520 |  0.00 |
| BITSLICE_TX      |    0 |     0 |        80 |  0.00 |
| RIU_OR           |    0 |     0 |        40 |  0.00 |
+------------------+------+-------+-----------+-------+


6. CLOCK
--------

+----------------------+------+-------+-----------+-------+
|       Site Type      | Used | Fixed | Available | Util% |
+----------------------+------+-------+-----------+-------+
| GLOBAL CLOCK BUFFERs |    3 |     0 |       480 |  0.63 |
|   BUFGCE             |    3 |     0 |       240 |  1.25 |
|   BUFGCE_DIV         |    0 |     0 |        40 |  0.00 |
|   BUFG_GT            |    0 |     0 |       120 |  0.00 |
|   BUFGCTRL*          |    0 |     0 |        80 |  0.00 |
| PLLE3_ADV            |    0 |     0 |        20 |  0.00 |
| MMCME3_ADV           |    1 |     0 |        10 | 10.00 |
+----------------------+------+-------+-----------+-------+
* Note: Each used BUFGCTRL counts as two global buffer resources. This table does not include global clocking resources, only buffer cell usage. See the Clock Utilization Report (report_clock_utilization) for detailed accounting of global clocking resource availability.


7. ADVANCED
-----------

+-----------------+------+-------+-----------+-------+
|    Site Type    | Used | Fixed | Available | Util% |
+-----------------+------+-------+-----------+-------+
| GTHE3_CHANNEL   |    0 |     0 |        20 |  0.00 |
| GTHE3_COMMON    |    0 |     0 |         5 |  0.00 |
| IBUFDS_GTE3     |    0 |     0 |        10 |  0.00 |
| OBUFDS_GTE3     |    0 |     0 |        10 |  0.00 |
| OBUFDS_GTE3_ADV |    0 |     0 |        10 |  0.00 |
| PCIE_3_1        |    0 |     0 |         3 |  0.00 |
| SYSMONE1        |    0 |     0 |         1 |  0.00 |
+-----------------+------+-------+-----------+-------+


8. CONFIGURATION
----------------

+-------------+------+-------+-----------+-------+
|  Site Type  | Used | Fixed | Available | Util% |
+-------------+------+-------+-----------+-------+
| BSCANE2     |    1 |     0 |         4 | 25.00 |
| DNA_PORTE2  |    0 |     0 |         1 |  0.00 |
| EFUSE_USR   |    0 |     0 |         1 |  0.00 |
| FRAME_ECCE3 |    0 |     0 |         1 |  0.00 |
| ICAPE3      |    0 |     0 |         2 |  0.00 |
| STARTUPE3   |    0 |     0 |         1 |  0.00 |
+-------------+------+-------+-----------+-------+


9. Primitives
-------------

+------------+------+---------------------+
|  Ref Name  | Used | Functional Category |
+------------+------+---------------------+
| FDRE       | 2093 |            Register |
| LUT6       |  587 |                 CLB |
| LUT5       |  247 |                 CLB |
| LUT3       |  242 |                 CLB |
| LUT4       |  234 |                 CLB |
| SRL16E     |  209 |                 CLB |
| FDCE       |  171 |            Register |
| SRLC32E    |  132 |                 CLB |
| LUT2       |  123 |                 CLB |
| RAMD32     |   56 |                 CLB |
| LUT1       |   41 |                 CLB |
| FDPE       |   40 |            Register |
| CARRY8     |   30 |                 CLB |
| FDSE       |   25 |            Register |
| MUXF7      |   11 |                 CLB |
| RAMS32     |    8 |                 CLB |
| IBUFCTRL   |    3 |              Others |
| BUFGCE     |    3 |               Clock |
| SRLC16E    |    2 |                 CLB |
| RAMB36E2   |    2 |           Block Ram |
| INBUF      |    2 |                 I/O |
| RAMB18E2   |    1 |           Block Ram |
| OBUF       |    1 |                 I/O |
| MMCME3_ADV |    1 |               Clock |
| DIFFINBUF  |    1 |                 I/O |
| BSCANE2    |    1 |       Configuration |
+------------+------+---------------------+


10. Black Boxes
---------------

+----------+------+
| Ref Name | Used |
+----------+------+


11. Instantiated Netlists
-------------------------

+---------------------------+------+
|          Ref Name         | Used |
+---------------------------+------+
| design_1_system_ila_0     |    1 |
| design_1_loopback_top_0_0 |    1 |
| design_1_clk_wiz_0_0      |    1 |
| design_1_axi_uartlite_0_1 |    1 |
| dbg_hub_CV                |    1 |
+---------------------------+------+


