Copyright 1986-2016 Xilinx, Inc. All Rights Reserved.
---------------------------------------------------------------------------------------------
| Tool Version : Vivado v.2016.4 (lin64) Build 1756540 Mon Jan 23 19:11:19 MST 2017
| Date         : Tue Nov 28 17:35:39 2017
| Host         : ispc2016 running 64-bit Ubuntu 14.04.5 LTS
| Command      : report_control_sets -verbose -file design_1_wrapper_control_sets_placed.rpt
| Design       : design_1_wrapper
| Device       : xcku040
---------------------------------------------------------------------------------------------

Control Set Information

Table of Contents
-----------------
1. Summary
2. Flip-Flop Distribution
3. Detailed Control Set Information

1. Summary
----------

+----------------------------------------------------------+-------+
|                          Status                          | Count |
+----------------------------------------------------------+-------+
| Number of unique control sets                            |     5 |
| Unused register locations in slices containing registers |     9 |
+----------------------------------------------------------+-------+


2. Flip-Flop Distribution
-------------------------

+--------------+-----------------------+------------------------+-----------------+--------------+
| Clock Enable | Synchronous Set/Reset | Asynchronous Set/Reset | Total Registers | Total Slices |
+--------------+-----------------------+------------------------+-----------------+--------------+
| No           | No                    | No                     |               0 |            0 |
| No           | No                    | Yes                    |               0 |            0 |
| No           | Yes                   | No                     |              23 |            7 |
| Yes          | No                    | No                     |               1 |            1 |
| Yes          | No                    | Yes                    |               0 |            0 |
| Yes          | Yes                   | No                     |               3 |            0 |
+--------------+-----------------------+------------------------+-----------------+--------------+


3. Detailed Control Set Information
-----------------------------------

+-------------------------------------+----------------------------------------------------------------------+----------------------------------------------------------------------------------------------------------------------+------------------+----------------+
|             Clock Signal            |                             Enable Signal                            |                                                   Set/Reset Signal                                                   | Slice Load Count | Bel Load Count |
+-------------------------------------+----------------------------------------------------------------------+----------------------------------------------------------------------------------------------------------------------+------------------+----------------+
|  design_1_i/clk_wiz_0/inst/clk_out1 | design_1_i/axi_uartlite_0/U0/UARTLITE_CORE_I/BAUD_RATE_I/en_16x_Baud |                                                                                                                      |                2 |              2 |
|  design_1_i/clk_wiz_0/inst/clk_out1 | design_1_i/axi_uartlite_0/U0/UARTLITE_CORE_I/UARTLITE_TX_I/mux_sel   | design_1_i/clk_wiz_0/inst/locked                                                                                     |                0 |              3 |
|  design_1_i/clk_wiz_0/inst/clk_out1 |                                                                      | design_1_i/axi_uartlite_0/U0/UARTLITE_CORE_I/UARTLITE_TX_I/SRL_FIFO_I/I_SRL_FIFO_RBU_F/CNTR_INCR_DECR_ADDN_F_I/SS[0] |                2 |              5 |
|  design_1_i/clk_wiz_0/inst/clk_out1 |                                                                      |                                                                                                                      |                1 |              8 |
|  design_1_i/clk_wiz_0/inst/clk_out1 |                                                                      | design_1_i/clk_wiz_0/inst/locked                                                                                     |                5 |             18 |
+-------------------------------------+----------------------------------------------------------------------+----------------------------------------------------------------------------------------------------------------------+------------------+----------------+


+--------+-----------------------+
| Fanout | Number of ControlSets |
+--------+-----------------------+
| 2      |                     1 |
| 3      |                     1 |
| 5      |                     1 |
| 8      |                     1 |
| 16+    |                     1 |
+--------+-----------------------+


