
*** Running vivado
    with args -log design_1_blk_mem_gen_1_0.vds -m64 -product Vivado -mode batch -messageDb vivado.pb -notrace -source design_1_blk_mem_gen_1_0.tcl


****** Vivado v2016.4 (64-bit)
  **** SW Build 1756540 on Mon Jan 23 19:11:19 MST 2017
  **** IP Build 1755317 on Mon Jan 23 20:30:07 MST 2017
    ** Copyright 1986-2016 Xilinx, Inc. All Rights Reserved.

source design_1_blk_mem_gen_1_0.tcl -notrace
Starting RTL Elaboration : Time (s): cpu = 00:00:06 ; elapsed = 00:00:06 . Memory (MB): peak = 1171.359 ; gain = 235.980 ; free physical = 7619 ; free virtual = 27330
INFO: [Synth 8-638] synthesizing module 'design_1_blk_mem_gen_1_0' [/home/yamaguchi/koara/koara.srcs/sources_1/bd/design_1/ip/design_1_blk_mem_gen_1_0_1/synth/design_1_blk_mem_gen_1_0.vhd:70]
INFO: [Synth 8-256] done synthesizing module 'design_1_blk_mem_gen_1_0' (9#1) [/home/yamaguchi/koara/koara.srcs/sources_1/bd/design_1/ip/design_1_blk_mem_gen_1_0_1/synth/design_1_blk_mem_gen_1_0.vhd:70]
Finished RTL Elaboration : Time (s): cpu = 00:00:41 ; elapsed = 00:00:41 . Memory (MB): peak = 1372.035 ; gain = 436.656 ; free physical = 7800 ; free virtual = 27512
Finished RTL Optimization Phase 1 : Time (s): cpu = 00:00:41 ; elapsed = 00:00:41 . Memory (MB): peak = 1372.035 ; gain = 436.656 ; free physical = 7800 ; free virtual = 27511
INFO: [Device 21-403] Loading part xcku040-ffva1156-2-e
Constraint Validation Runtime : Time (s): cpu = 00:00:00.01 ; elapsed = 00:00:00.01 . Memory (MB): peak = 1607.484 ; gain = 0.004 ; free physical = 7603 ; free virtual = 27330
Finished Constraint Validation : Time (s): cpu = 00:00:49 ; elapsed = 00:00:49 . Memory (MB): peak = 1607.484 ; gain = 672.105 ; free physical = 7602 ; free virtual = 27329
Finished Loading Part and Timing Information : Time (s): cpu = 00:00:49 ; elapsed = 00:00:49 . Memory (MB): peak = 1607.484 ; gain = 672.105 ; free physical = 7602 ; free virtual = 27329
Finished applying 'set_property' XDC Constraints : Time (s): cpu = 00:00:49 ; elapsed = 00:00:49 . Memory (MB): peak = 1607.484 ; gain = 672.105 ; free physical = 7602 ; free virtual = 27329
Finished RTL Optimization Phase 2 : Time (s): cpu = 00:00:49 ; elapsed = 00:00:49 . Memory (MB): peak = 1607.484 ; gain = 672.105 ; free physical = 7600 ; free virtual = 27328
Finished Cross Boundary and Area Optimization : Time (s): cpu = 00:00:49 ; elapsed = 00:00:49 . Memory (MB): peak = 1607.484 ; gain = 672.105 ; free physical = 7600 ; free virtual = 27328
Finished Applying XDC Timing Constraints : Time (s): cpu = 00:00:56 ; elapsed = 00:00:56 . Memory (MB): peak = 1839.574 ; gain = 904.195 ; free physical = 7351 ; free virtual = 27078
Finished Timing Optimization : Time (s): cpu = 00:00:56 ; elapsed = 00:00:56 . Memory (MB): peak = 1840.574 ; gain = 905.195 ; free physical = 7350 ; free virtual = 27077
Finished Technology Mapping : Time (s): cpu = 00:00:56 ; elapsed = 00:00:56 . Memory (MB): peak = 1850.590 ; gain = 915.211 ; free physical = 7341 ; free virtual = 27068
Finished IO Insertion : Time (s): cpu = 00:00:56 ; elapsed = 00:00:57 . Memory (MB): peak = 1850.594 ; gain = 915.215 ; free physical = 7341 ; free virtual = 27068
Finished Renaming Generated Instances : Time (s): cpu = 00:00:56 ; elapsed = 00:00:57 . Memory (MB): peak = 1850.594 ; gain = 915.215 ; free physical = 7341 ; free virtual = 27068
Finished Rebuilding User Hierarchy : Time (s): cpu = 00:00:56 ; elapsed = 00:00:57 . Memory (MB): peak = 1850.594 ; gain = 915.215 ; free physical = 7341 ; free virtual = 27068
Finished Renaming Generated Ports : Time (s): cpu = 00:00:56 ; elapsed = 00:00:57 . Memory (MB): peak = 1850.594 ; gain = 915.215 ; free physical = 7341 ; free virtual = 27068
Finished Handling Custom Attributes : Time (s): cpu = 00:00:56 ; elapsed = 00:00:57 . Memory (MB): peak = 1850.594 ; gain = 915.215 ; free physical = 7341 ; free virtual = 27068
Finished Renaming Generated Nets : Time (s): cpu = 00:00:56 ; elapsed = 00:00:57 . Memory (MB): peak = 1850.594 ; gain = 915.215 ; free physical = 7341 ; free virtual = 27068

Report Cell Usage: 
+------+---------+------+
|      |Cell     |Count |
+------+---------+------+
|1     |RAMB36E2 |     2|
+------+---------+------+
Finished Writing Synthesis Report : Time (s): cpu = 00:00:56 ; elapsed = 00:00:57 . Memory (MB): peak = 1850.594 ; gain = 915.215 ; free physical = 7341 ; free virtual = 27068
synth_design: Time (s): cpu = 00:00:55 ; elapsed = 00:00:56 . Memory (MB): peak = 1888.656 ; gain = 836.766 ; free physical = 7304 ; free virtual = 27031
