
*** Running vivado
    with args -log design_1_xlconstant_0_1.vds -m64 -product Vivado -mode batch -messageDb vivado.pb -notrace -source design_1_xlconstant_0_1.tcl


****** Vivado v2016.4 (64-bit)
  **** SW Build 1756540 on Mon Jan 23 19:11:19 MST 2017
  **** IP Build 1755317 on Mon Jan 23 20:30:07 MST 2017
    ** Copyright 1986-2016 Xilinx, Inc. All Rights Reserved.

source design_1_xlconstant_0_1.tcl -notrace
Starting RTL Elaboration : Time (s): cpu = 00:00:06 ; elapsed = 00:00:06 . Memory (MB): peak = 1170.348 ; gain = 234.977 ; free physical = 7573 ; free virtual = 27272
INFO: [Synth 8-638] synthesizing module 'design_1_xlconstant_0_1' [/home/yamaguchi/koara/koara.srcs/sources_1/bd/design_1/ip/design_1_xlconstant_0_1/sim/design_1_xlconstant_0_1.v:56]
INFO: [Synth 8-638] synthesizing module 'xlconstant' [/home/yamaguchi/koara/koara.srcs/sources_1/bd/design_1/ipshared/e147/xlconstant.v:23]
INFO: [Synth 8-256] done synthesizing module 'xlconstant' (1#1) [/home/yamaguchi/koara/koara.srcs/sources_1/bd/design_1/ipshared/e147/xlconstant.v:23]
INFO: [Synth 8-256] done synthesizing module 'design_1_xlconstant_0_1' (2#1) [/home/yamaguchi/koara/koara.srcs/sources_1/bd/design_1/ip/design_1_xlconstant_0_1/sim/design_1_xlconstant_0_1.v:56]
Finished RTL Elaboration : Time (s): cpu = 00:00:07 ; elapsed = 00:00:07 . Memory (MB): peak = 1210.824 ; gain = 275.453 ; free physical = 7504 ; free virtual = 27203
Finished RTL Optimization Phase 1 : Time (s): cpu = 00:00:07 ; elapsed = 00:00:07 . Memory (MB): peak = 1210.824 ; gain = 275.453 ; free physical = 7503 ; free virtual = 27202
INFO: [Device 21-403] Loading part xcku040-ffva1156-2-e
Constraint Validation Runtime : Time (s): cpu = 00:00:00.01 ; elapsed = 00:00:00.01 . Memory (MB): peak = 1565.055 ; gain = 0.000 ; free physical = 7245 ; free virtual = 26958
Finished Constraint Validation : Time (s): cpu = 00:00:15 ; elapsed = 00:00:15 . Memory (MB): peak = 1565.055 ; gain = 629.684 ; free physical = 7241 ; free virtual = 26950
Finished Loading Part and Timing Information : Time (s): cpu = 00:00:15 ; elapsed = 00:00:15 . Memory (MB): peak = 1565.055 ; gain = 629.684 ; free physical = 7241 ; free virtual = 26950
Finished applying 'set_property' XDC Constraints : Time (s): cpu = 00:00:15 ; elapsed = 00:00:15 . Memory (MB): peak = 1565.055 ; gain = 629.684 ; free physical = 7241 ; free virtual = 26950
Finished RTL Optimization Phase 2 : Time (s): cpu = 00:00:15 ; elapsed = 00:00:15 . Memory (MB): peak = 1565.055 ; gain = 629.684 ; free physical = 7241 ; free virtual = 26950
Finished Cross Boundary and Area Optimization : Time (s): cpu = 00:00:15 ; elapsed = 00:00:15 . Memory (MB): peak = 1565.055 ; gain = 629.684 ; free physical = 7241 ; free virtual = 26950
Finished Applying XDC Timing Constraints : Time (s): cpu = 00:00:22 ; elapsed = 00:00:23 . Memory (MB): peak = 1820.477 ; gain = 885.105 ; free physical = 6976 ; free virtual = 26684
Finished Timing Optimization : Time (s): cpu = 00:00:22 ; elapsed = 00:00:23 . Memory (MB): peak = 1820.477 ; gain = 885.105 ; free physical = 6976 ; free virtual = 26684
Finished Technology Mapping : Time (s): cpu = 00:00:22 ; elapsed = 00:00:23 . Memory (MB): peak = 1830.488 ; gain = 895.117 ; free physical = 6967 ; free virtual = 26676
Finished IO Insertion : Time (s): cpu = 00:00:22 ; elapsed = 00:00:23 . Memory (MB): peak = 1830.492 ; gain = 895.121 ; free physical = 6965 ; free virtual = 26674
Finished Renaming Generated Instances : Time (s): cpu = 00:00:22 ; elapsed = 00:00:23 . Memory (MB): peak = 1830.492 ; gain = 895.121 ; free physical = 6965 ; free virtual = 26674
Finished Rebuilding User Hierarchy : Time (s): cpu = 00:00:22 ; elapsed = 00:00:23 . Memory (MB): peak = 1830.492 ; gain = 895.121 ; free physical = 6965 ; free virtual = 26673
Finished Renaming Generated Ports : Time (s): cpu = 00:00:22 ; elapsed = 00:00:23 . Memory (MB): peak = 1830.492 ; gain = 895.121 ; free physical = 6965 ; free virtual = 26673
Finished Handling Custom Attributes : Time (s): cpu = 00:00:22 ; elapsed = 00:00:23 . Memory (MB): peak = 1830.492 ; gain = 895.121 ; free physical = 6959 ; free virtual = 26667
Finished Renaming Generated Nets : Time (s): cpu = 00:00:22 ; elapsed = 00:00:23 . Memory (MB): peak = 1830.492 ; gain = 895.121 ; free physical = 6959 ; free virtual = 26667

Report Cell Usage: 
+-+-----+------+
| |Cell |Count |
+-+-----+------+
+-+-----+------+
Finished Writing Synthesis Report : Time (s): cpu = 00:00:22 ; elapsed = 00:00:23 . Memory (MB): peak = 1830.492 ; gain = 895.121 ; free physical = 6959 ; free virtual = 26667
synth_design: Time (s): cpu = 00:00:21 ; elapsed = 00:00:22 . Memory (MB): peak = 1862.039 ; gain = 810.156 ; free physical = 6907 ; free virtual = 26618
