
*** Running vivado
    with args -log design_1_blk_mem_gen_0_0.vds -m64 -product Vivado -mode batch -messageDb vivado.pb -notrace -source design_1_blk_mem_gen_0_0.tcl


****** Vivado v2016.4 (64-bit)
  **** SW Build 1756540 on Mon Jan 23 19:11:19 MST 2017
  **** IP Build 1755317 on Mon Jan 23 20:30:07 MST 2017
    ** Copyright 1986-2016 Xilinx, Inc. All Rights Reserved.

source design_1_blk_mem_gen_0_0.tcl -notrace
Starting RTL Elaboration : Time (s): cpu = 00:00:06 ; elapsed = 00:00:07 . Memory (MB): peak = 1171.352 ; gain = 235.980 ; free physical = 9370 ; free virtual = 28744
INFO: [Synth 8-638] synthesizing module 'design_1_blk_mem_gen_0_0' [/home/yamaguchi/koara/koara.srcs/sources_1/bd/design_1/ip/design_1_blk_mem_gen_0_0_1/synth/design_1_blk_mem_gen_0_0.vhd:69]
INFO: [Synth 8-256] done synthesizing module 'design_1_blk_mem_gen_0_0' (9#1) [/home/yamaguchi/koara/koara.srcs/sources_1/bd/design_1/ip/design_1_blk_mem_gen_0_0_1/synth/design_1_blk_mem_gen_0_0.vhd:69]
Finished RTL Elaboration : Time (s): cpu = 00:00:43 ; elapsed = 00:00:44 . Memory (MB): peak = 1372.027 ; gain = 436.656 ; free physical = 9055 ; free virtual = 28431
Finished RTL Optimization Phase 1 : Time (s): cpu = 00:00:43 ; elapsed = 00:00:44 . Memory (MB): peak = 1372.027 ; gain = 436.656 ; free physical = 9055 ; free virtual = 28431
INFO: [Device 21-403] Loading part xcku040-ffva1156-2-e
Constraint Validation Runtime : Time (s): cpu = 00:00:00.01 ; elapsed = 00:00:00.02 . Memory (MB): peak = 1607.477 ; gain = 0.004 ; free physical = 9688 ; free virtual = 29060
Finished Constraint Validation : Time (s): cpu = 00:00:51 ; elapsed = 00:00:52 . Memory (MB): peak = 1607.477 ; gain = 672.105 ; free physical = 9688 ; free virtual = 29061
Finished Loading Part and Timing Information : Time (s): cpu = 00:00:51 ; elapsed = 00:00:52 . Memory (MB): peak = 1607.477 ; gain = 672.105 ; free physical = 9688 ; free virtual = 29061
Finished applying 'set_property' XDC Constraints : Time (s): cpu = 00:00:51 ; elapsed = 00:00:52 . Memory (MB): peak = 1607.477 ; gain = 672.105 ; free physical = 9688 ; free virtual = 29061
Finished RTL Optimization Phase 2 : Time (s): cpu = 00:00:51 ; elapsed = 00:00:52 . Memory (MB): peak = 1607.477 ; gain = 672.105 ; free physical = 9684 ; free virtual = 29057
Finished Cross Boundary and Area Optimization : Time (s): cpu = 00:00:51 ; elapsed = 00:00:52 . Memory (MB): peak = 1607.477 ; gain = 672.105 ; free physical = 9684 ; free virtual = 29057
Finished Applying XDC Timing Constraints : Time (s): cpu = 00:00:58 ; elapsed = 00:00:59 . Memory (MB): peak = 1842.668 ; gain = 907.297 ; free physical = 9428 ; free virtual = 28800
Finished Timing Optimization : Time (s): cpu = 00:00:58 ; elapsed = 00:00:59 . Memory (MB): peak = 1842.668 ; gain = 907.297 ; free physical = 9427 ; free virtual = 28800
Finished Technology Mapping : Time (s): cpu = 00:00:58 ; elapsed = 00:00:59 . Memory (MB): peak = 1852.684 ; gain = 917.312 ; free physical = 9418 ; free virtual = 28791
Finished IO Insertion : Time (s): cpu = 00:00:58 ; elapsed = 00:01:00 . Memory (MB): peak = 1852.688 ; gain = 917.316 ; free physical = 9418 ; free virtual = 28790
Finished Renaming Generated Instances : Time (s): cpu = 00:00:58 ; elapsed = 00:01:00 . Memory (MB): peak = 1852.688 ; gain = 917.316 ; free physical = 9418 ; free virtual = 28790
Finished Rebuilding User Hierarchy : Time (s): cpu = 00:00:58 ; elapsed = 00:01:00 . Memory (MB): peak = 1852.688 ; gain = 917.316 ; free physical = 9418 ; free virtual = 28790
Finished Renaming Generated Ports : Time (s): cpu = 00:00:58 ; elapsed = 00:01:00 . Memory (MB): peak = 1852.688 ; gain = 917.316 ; free physical = 9418 ; free virtual = 28790
Finished Handling Custom Attributes : Time (s): cpu = 00:00:58 ; elapsed = 00:01:00 . Memory (MB): peak = 1852.688 ; gain = 917.316 ; free physical = 9417 ; free virtual = 28790
Finished Renaming Generated Nets : Time (s): cpu = 00:00:58 ; elapsed = 00:01:00 . Memory (MB): peak = 1852.688 ; gain = 917.316 ; free physical = 9417 ; free virtual = 28790

Report Cell Usage: 
+------+-----------+------+
|      |Cell       |Count |
+------+-----------+------+
|1     |RAMB36E2   |     1|
|2     |RAMB36E2_1 |     1|
+------+-----------+------+
Finished Writing Synthesis Report : Time (s): cpu = 00:00:58 ; elapsed = 00:01:00 . Memory (MB): peak = 1852.688 ; gain = 917.316 ; free physical = 9417 ; free virtual = 28790
synth_design: Time (s): cpu = 00:00:57 ; elapsed = 00:00:58 . Memory (MB): peak = 1890.750 ; gain = 838.867 ; free physical = 9380 ; free virtual = 28753
