
*** Running vivado
    with args -log design_1_loopback_top_0_0.vds -m64 -product Vivado -mode batch -messageDb vivado.pb -notrace -source design_1_loopback_top_0_0.tcl


****** Vivado v2016.4 (64-bit)
  **** SW Build 1756540 on Mon Jan 23 19:11:19 MST 2017
  **** IP Build 1755317 on Mon Jan 23 20:30:07 MST 2017
    ** Copyright 1986-2016 Xilinx, Inc. All Rights Reserved.

source design_1_loopback_top_0_0.tcl -notrace
Command: synth_design -top design_1_loopback_top_0_0 -part xcku040-ffva1156-2-e -mode out_of_context
Starting synth_design
Attempting to get a license for feature 'Synthesis' and/or device 'xcku040'
INFO: [Common 17-349] Got license for feature 'Synthesis' and/or device 'xcku040'
INFO: [Common 17-1223] The version limit for your license is '2017.03' and will expire in -245 days. A version limit expiration means that, although you may be able to continue to use the current version of tools or IP with this license, you will not be eligible for any updates or new releases.
INFO: Launching helper process for spawning children vivado processes
INFO: Helper process launched with PID 9262 
---------------------------------------------------------------------------------
Starting RTL Elaboration : Time (s): cpu = 00:00:06 ; elapsed = 00:00:06 . Memory (MB): peak = 1182.352 ; gain = 246.977 ; free physical = 5784 ; free virtual = 25913
---------------------------------------------------------------------------------
INFO: [Synth 8-638] synthesizing module 'design_1_loopback_top_0_0' [/home/yamaguchi/CPU-Adelie/loopback/loopback.srcs/sources_1/bd/design_1/ip/design_1_loopback_top_0_0/synth/design_1_loopback_top_0_0.v:56]
INFO: [Synth 8-638] synthesizing module 'loopback_top' [/home/yamaguchi/CPU-Adelie/core/loopback/loopback_top.v:1]
INFO: [Synth 8-4471] merging register 'S_AXI_WVALID_reg' into 'S_AXI_AWVALID_reg' [/home/yamaguchi/CPU-Adelie/core/loopback/loopback_top.v:42]
INFO: [Synth 8-4471] merging register 'S_AXI_BREADY_reg' into 'S_AXI_AWVALID_reg' [/home/yamaguchi/CPU-Adelie/core/loopback/loopback_top.v:43]
INFO: [Synth 8-4471] merging register 'S_AXI_ARVALID_reg' into 'S_AXI_AWVALID_reg' [/home/yamaguchi/CPU-Adelie/core/loopback/loopback_top.v:45]
INFO: [Synth 8-4471] merging register 'S_AXI_RREADY_reg' into 'S_AXI_AWVALID_reg' [/home/yamaguchi/CPU-Adelie/core/loopback/loopback_top.v:46]
INFO: [Synth 8-256] done synthesizing module 'loopback_top' (1#1) [/home/yamaguchi/CPU-Adelie/core/loopback/loopback_top.v:1]
INFO: [Synth 8-256] done synthesizing module 'design_1_loopback_top_0_0' (2#1) [/home/yamaguchi/CPU-Adelie/loopback/loopback.srcs/sources_1/bd/design_1/ip/design_1_loopback_top_0_0/synth/design_1_loopback_top_0_0.v:56]
WARNING: [Synth 8-3331] design loopback_top has unconnected port S_AXI_AWREADY
WARNING: [Synth 8-3331] design loopback_top has unconnected port S_AXI_WREADY
WARNING: [Synth 8-3331] design loopback_top has unconnected port S_AXI_BRESP[1]
WARNING: [Synth 8-3331] design loopback_top has unconnected port S_AXI_BRESP[0]
WARNING: [Synth 8-3331] design loopback_top has unconnected port S_AXI_BVALID
WARNING: [Synth 8-3331] design loopback_top has unconnected port S_AXI_ARREADY
WARNING: [Synth 8-3331] design loopback_top has unconnected port S_AXI_RRESP[1]
WARNING: [Synth 8-3331] design loopback_top has unconnected port S_AXI_RRESP[0]
WARNING: [Synth 8-3331] design loopback_top has unconnected port S_AXI_RVALID
---------------------------------------------------------------------------------
Finished RTL Elaboration : Time (s): cpu = 00:00:06 ; elapsed = 00:00:06 . Memory (MB): peak = 1222.828 ; gain = 287.453 ; free physical = 5742 ; free virtual = 25871
---------------------------------------------------------------------------------

Report Check Netlist: 
+------+------------------+-------+---------+-------+------------------+
|      |Item              |Errors |Warnings |Status |Description       |
+------+------------------+-------+---------+-------+------------------+
|1     |multi_driven_nets |      0|        0|Passed |Multi driven nets |
+------+------------------+-------+---------+-------+------------------+
---------------------------------------------------------------------------------
Finished RTL Optimization Phase 1 : Time (s): cpu = 00:00:06 ; elapsed = 00:00:06 . Memory (MB): peak = 1222.828 ; gain = 287.453 ; free physical = 5742 ; free virtual = 25871
---------------------------------------------------------------------------------
INFO: [Device 21-403] Loading part xcku040-ffva1156-2-e
INFO: [Project 1-570] Preparing netlist for logic optimization

Processing XDC Constraints
Initializing timing engine
Completed Processing XDC Constraints

INFO: [Project 1-111] Unisim Transformation Summary:
No Unisim elements were transformed.

Constraint Validation Runtime : Time (s): cpu = 00:00:00.02 ; elapsed = 00:00:00 . Memory (MB): peak = 1666.137 ; gain = 0.004 ; free physical = 5425 ; free virtual = 25552
---------------------------------------------------------------------------------
Finished Constraint Validation : Time (s): cpu = 00:00:13 ; elapsed = 00:00:14 . Memory (MB): peak = 1666.137 ; gain = 730.762 ; free physical = 5426 ; free virtual = 25550
---------------------------------------------------------------------------------
---------------------------------------------------------------------------------
Start Loading Part and Timing Information
---------------------------------------------------------------------------------
Loading part: xcku040-ffva1156-2-e
---------------------------------------------------------------------------------
Finished Loading Part and Timing Information : Time (s): cpu = 00:00:13 ; elapsed = 00:00:14 . Memory (MB): peak = 1666.137 ; gain = 730.762 ; free physical = 5426 ; free virtual = 25550
---------------------------------------------------------------------------------
---------------------------------------------------------------------------------
Start Applying 'set_property' XDC Constraints
---------------------------------------------------------------------------------
---------------------------------------------------------------------------------
Finished applying 'set_property' XDC Constraints : Time (s): cpu = 00:00:13 ; elapsed = 00:00:14 . Memory (MB): peak = 1666.137 ; gain = 730.762 ; free physical = 5426 ; free virtual = 25550
---------------------------------------------------------------------------------
---------------------------------------------------------------------------------
Finished RTL Optimization Phase 2 : Time (s): cpu = 00:00:13 ; elapsed = 00:00:14 . Memory (MB): peak = 1666.137 ; gain = 730.762 ; free physical = 5423 ; free virtual = 25546
---------------------------------------------------------------------------------

Report RTL Partitions: 
+-+--------------+------------+----------+
| |RTL Partition |Replication |Instances |
+-+--------------+------------+----------+
+-+--------------+------------+----------+
---------------------------------------------------------------------------------
Start RTL Component Statistics 
---------------------------------------------------------------------------------
Detailed RTL Component Info : 
+---Registers : 
	               32 Bit    Registers := 3     
	                4 Bit    Registers := 1     
	                1 Bit    Registers := 1     
+---Muxes : 
	   2 Input      3 Bit        Muxes := 1     
---------------------------------------------------------------------------------
Finished RTL Component Statistics 
---------------------------------------------------------------------------------
---------------------------------------------------------------------------------
Start RTL Hierarchical Component Statistics 
---------------------------------------------------------------------------------
Hierarchical RTL Component report 
Module loopback_top 
Detailed RTL Component Info : 
+---Registers : 
	               32 Bit    Registers := 3     
	                4 Bit    Registers := 1     
	                1 Bit    Registers := 1     
+---Muxes : 
	   2 Input      3 Bit        Muxes := 1     
---------------------------------------------------------------------------------
Finished RTL Hierarchical Component Statistics
---------------------------------------------------------------------------------
---------------------------------------------------------------------------------
Start Part Resource Summary
---------------------------------------------------------------------------------
Part Resources:
DSPs: 1920 (col length:120)
BRAMs: 1200 (col length: RAMB18 120 RAMB36 60)
---------------------------------------------------------------------------------
Finished Part Resource Summary
---------------------------------------------------------------------------------
---------------------------------------------------------------------------------
Start Cross Boundary and Area Optimization
---------------------------------------------------------------------------------
WARNING: [Synth 8-3331] design design_1_loopback_top_0_0 has unconnected port S_AXI_AWREADY
WARNING: [Synth 8-3331] design design_1_loopback_top_0_0 has unconnected port S_AXI_WREADY
WARNING: [Synth 8-3331] design design_1_loopback_top_0_0 has unconnected port S_AXI_BRESP[1]
WARNING: [Synth 8-3331] design design_1_loopback_top_0_0 has unconnected port S_AXI_BRESP[0]
WARNING: [Synth 8-3331] design design_1_loopback_top_0_0 has unconnected port S_AXI_BVALID
WARNING: [Synth 8-3331] design design_1_loopback_top_0_0 has unconnected port S_AXI_ARREADY
WARNING: [Synth 8-3331] design design_1_loopback_top_0_0 has unconnected port S_AXI_RRESP[1]
WARNING: [Synth 8-3331] design design_1_loopback_top_0_0 has unconnected port S_AXI_RRESP[0]
WARNING: [Synth 8-3331] design design_1_loopback_top_0_0 has unconnected port S_AXI_RVALID
INFO: [Synth 8-3886] merging instance 'inst/S_AXI_ARADDR_reg[0]' (FD) to 'inst/S_AXI_ARADDR_reg[1]'
INFO: [Synth 8-3886] merging instance 'inst/S_AXI_ARADDR_reg[1]' (FD) to 'inst/S_AXI_ARADDR_reg[2]'
INFO: [Synth 8-3886] merging instance 'inst/S_AXI_ARADDR_reg[2]' (FD) to 'inst/S_AXI_ARADDR_reg[3]'
INFO: [Synth 8-3886] merging instance 'inst/S_AXI_ARADDR_reg[3]' (FD) to 'inst/S_AXI_ARADDR_reg[4]'
INFO: [Synth 8-3886] merging instance 'inst/S_AXI_ARADDR_reg[4]' (FD) to 'inst/S_AXI_ARADDR_reg[5]'
INFO: [Synth 8-3886] merging instance 'inst/S_AXI_ARADDR_reg[5]' (FD) to 'inst/S_AXI_ARADDR_reg[6]'
INFO: [Synth 8-3886] merging instance 'inst/S_AXI_ARADDR_reg[6]' (FD) to 'inst/S_AXI_ARADDR_reg[7]'
INFO: [Synth 8-3886] merging instance 'inst/S_AXI_ARADDR_reg[7]' (FD) to 'inst/S_AXI_ARADDR_reg[8]'
INFO: [Synth 8-3886] merging instance 'inst/S_AXI_ARADDR_reg[8]' (FD) to 'inst/S_AXI_ARADDR_reg[9]'
INFO: [Synth 8-3886] merging instance 'inst/S_AXI_ARADDR_reg[9]' (FD) to 'inst/S_AXI_ARADDR_reg[10]'
INFO: [Synth 8-3886] merging instance 'inst/S_AXI_ARADDR_reg[10]' (FD) to 'inst/S_AXI_ARADDR_reg[11]'
INFO: [Synth 8-3886] merging instance 'inst/S_AXI_ARADDR_reg[11]' (FD) to 'inst/S_AXI_ARADDR_reg[12]'
INFO: [Synth 8-3886] merging instance 'inst/S_AXI_ARADDR_reg[12]' (FD) to 'inst/S_AXI_ARADDR_reg[13]'
INFO: [Synth 8-3886] merging instance 'inst/S_AXI_ARADDR_reg[13]' (FD) to 'inst/S_AXI_ARADDR_reg[14]'
INFO: [Synth 8-3886] merging instance 'inst/S_AXI_ARADDR_reg[14]' (FD) to 'inst/S_AXI_ARADDR_reg[15]'
INFO: [Synth 8-3886] merging instance 'inst/S_AXI_ARADDR_reg[15]' (FD) to 'inst/S_AXI_ARADDR_reg[16]'
INFO: [Synth 8-3886] merging instance 'inst/S_AXI_ARADDR_reg[16]' (FD) to 'inst/S_AXI_ARADDR_reg[17]'
INFO: [Synth 8-3886] merging instance 'inst/S_AXI_ARADDR_reg[17]' (FD) to 'inst/S_AXI_ARADDR_reg[18]'
INFO: [Synth 8-3886] merging instance 'inst/S_AXI_ARADDR_reg[18]' (FD) to 'inst/S_AXI_ARADDR_reg[19]'
INFO: [Synth 8-3886] merging instance 'inst/S_AXI_ARADDR_reg[19]' (FD) to 'inst/S_AXI_ARADDR_reg[20]'
INFO: [Synth 8-3886] merging instance 'inst/S_AXI_ARADDR_reg[20]' (FD) to 'inst/S_AXI_ARADDR_reg[21]'
INFO: [Synth 8-3886] merging instance 'inst/S_AXI_ARADDR_reg[21]' (FD) to 'inst/S_AXI_ARADDR_reg[22]'
INFO: [Synth 8-3886] merging instance 'inst/S_AXI_ARADDR_reg[22]' (FD) to 'inst/S_AXI_ARADDR_reg[23]'
INFO: [Synth 8-3886] merging instance 'inst/S_AXI_ARADDR_reg[23]' (FD) to 'inst/S_AXI_ARADDR_reg[24]'
INFO: [Synth 8-3886] merging instance 'inst/S_AXI_ARADDR_reg[24]' (FD) to 'inst/S_AXI_ARADDR_reg[25]'
INFO: [Synth 8-3886] merging instance 'inst/S_AXI_ARADDR_reg[25]' (FD) to 'inst/S_AXI_ARADDR_reg[26]'
INFO: [Synth 8-3886] merging instance 'inst/S_AXI_ARADDR_reg[26]' (FD) to 'inst/S_AXI_ARADDR_reg[27]'
INFO: [Synth 8-3886] merging instance 'inst/S_AXI_ARADDR_reg[27]' (FD) to 'inst/S_AXI_ARADDR_reg[28]'
INFO: [Synth 8-3886] merging instance 'inst/S_AXI_ARADDR_reg[28]' (FD) to 'inst/S_AXI_ARADDR_reg[29]'
INFO: [Synth 8-3886] merging instance 'inst/S_AXI_ARADDR_reg[29]' (FD) to 'inst/S_AXI_ARADDR_reg[30]'
INFO: [Synth 8-3886] merging instance 'inst/S_AXI_ARADDR_reg[30]' (FD) to 'inst/S_AXI_ARADDR_reg[31]'
INFO: [Synth 8-3333] propagating constant 0 across sequential element (\inst/S_AXI_ARADDR_reg[31] )
INFO: [Synth 8-3886] merging instance 'inst/S_AXI_WSTRB_reg[0]' (FD) to 'inst/S_AXI_AWVALID_reg'
INFO: [Synth 8-3886] merging instance 'inst/S_AXI_WSTRB_reg[1]' (FD) to 'inst/S_AXI_AWVALID_reg'
INFO: [Synth 8-3886] merging instance 'inst/S_AXI_WSTRB_reg[2]' (FD) to 'inst/S_AXI_AWVALID_reg'
INFO: [Synth 8-3886] merging instance 'inst/S_AXI_WSTRB_reg[3]' (FD) to 'inst/S_AXI_AWVALID_reg'
INFO: [Synth 8-3886] merging instance 'inst/S_AXI_AWADDR_reg[0]' (FDR) to 'inst/S_AXI_AWADDR_reg[1]'
INFO: [Synth 8-3886] merging instance 'inst/S_AXI_AWADDR_reg[1]' (FDR) to 'inst/S_AXI_AWADDR_reg[3]'
INFO: [Synth 8-3886] merging instance 'inst/S_AXI_AWADDR_reg[3]' (FDR) to 'inst/S_AXI_AWADDR_reg[4]'
INFO: [Synth 8-3886] merging instance 'inst/S_AXI_AWADDR_reg[4]' (FDR) to 'inst/S_AXI_AWADDR_reg[5]'
INFO: [Synth 8-3886] merging instance 'inst/S_AXI_AWADDR_reg[5]' (FDR) to 'inst/S_AXI_AWADDR_reg[6]'
INFO: [Synth 8-3886] merging instance 'inst/S_AXI_AWADDR_reg[6]' (FDR) to 'inst/S_AXI_AWADDR_reg[7]'
INFO: [Synth 8-3886] merging instance 'inst/S_AXI_AWADDR_reg[7]' (FDR) to 'inst/S_AXI_AWADDR_reg[8]'
INFO: [Synth 8-3886] merging instance 'inst/S_AXI_AWADDR_reg[8]' (FDR) to 'inst/S_AXI_AWADDR_reg[9]'
INFO: [Synth 8-3886] merging instance 'inst/S_AXI_AWADDR_reg[9]' (FDR) to 'inst/S_AXI_AWADDR_reg[10]'
INFO: [Synth 8-3886] merging instance 'inst/S_AXI_AWADDR_reg[10]' (FDR) to 'inst/S_AXI_AWADDR_reg[11]'
INFO: [Synth 8-3886] merging instance 'inst/S_AXI_AWADDR_reg[11]' (FDR) to 'inst/S_AXI_AWADDR_reg[12]'
INFO: [Synth 8-3886] merging instance 'inst/S_AXI_AWADDR_reg[12]' (FDR) to 'inst/S_AXI_AWADDR_reg[13]'
INFO: [Synth 8-3886] merging instance 'inst/S_AXI_AWADDR_reg[13]' (FDR) to 'inst/S_AXI_AWADDR_reg[14]'
INFO: [Synth 8-3886] merging instance 'inst/S_AXI_AWADDR_reg[14]' (FDR) to 'inst/S_AXI_AWADDR_reg[15]'
INFO: [Synth 8-3886] merging instance 'inst/S_AXI_AWADDR_reg[15]' (FDR) to 'inst/S_AXI_AWADDR_reg[16]'
INFO: [Synth 8-3886] merging instance 'inst/S_AXI_AWADDR_reg[16]' (FDR) to 'inst/S_AXI_AWADDR_reg[17]'
INFO: [Synth 8-3886] merging instance 'inst/S_AXI_AWADDR_reg[17]' (FDR) to 'inst/S_AXI_AWADDR_reg[18]'
INFO: [Synth 8-3886] merging instance 'inst/S_AXI_AWADDR_reg[18]' (FDR) to 'inst/S_AXI_AWADDR_reg[19]'
INFO: [Synth 8-3886] merging instance 'inst/S_AXI_AWADDR_reg[19]' (FDR) to 'inst/S_AXI_AWADDR_reg[20]'
INFO: [Synth 8-3886] merging instance 'inst/S_AXI_AWADDR_reg[20]' (FDR) to 'inst/S_AXI_AWADDR_reg[21]'
INFO: [Synth 8-3886] merging instance 'inst/S_AXI_AWADDR_reg[21]' (FDR) to 'inst/S_AXI_AWADDR_reg[22]'
INFO: [Synth 8-3886] merging instance 'inst/S_AXI_AWADDR_reg[22]' (FDR) to 'inst/S_AXI_AWADDR_reg[23]'
INFO: [Synth 8-3886] merging instance 'inst/S_AXI_AWADDR_reg[23]' (FDR) to 'inst/S_AXI_AWADDR_reg[24]'
INFO: [Synth 8-3886] merging instance 'inst/S_AXI_AWADDR_reg[24]' (FDR) to 'inst/S_AXI_AWADDR_reg[25]'
INFO: [Synth 8-3886] merging instance 'inst/S_AXI_AWADDR_reg[25]' (FDR) to 'inst/S_AXI_AWADDR_reg[26]'
INFO: [Synth 8-3886] merging instance 'inst/S_AXI_AWADDR_reg[26]' (FDR) to 'inst/S_AXI_AWADDR_reg[27]'
INFO: [Synth 8-3886] merging instance 'inst/S_AXI_AWADDR_reg[27]' (FDR) to 'inst/S_AXI_AWADDR_reg[28]'
INFO: [Synth 8-3886] merging instance 'inst/S_AXI_AWADDR_reg[28]' (FDR) to 'inst/S_AXI_AWADDR_reg[29]'
INFO: [Synth 8-3886] merging instance 'inst/S_AXI_AWADDR_reg[29]' (FDR) to 'inst/S_AXI_AWADDR_reg[30]'
INFO: [Synth 8-3886] merging instance 'inst/S_AXI_AWADDR_reg[30]' (FDR) to 'inst/S_AXI_AWADDR_reg[31]'
INFO: [Synth 8-3333] propagating constant 0 across sequential element (\inst/S_AXI_AWADDR_reg[31] )
INFO: [Synth 8-3332] Sequential element (inst/S_AXI_AWADDR_reg[31]) is unused and will be removed from module design_1_loopback_top_0_0.
INFO: [Synth 8-3332] Sequential element (inst/S_AXI_ARADDR_reg[31]) is unused and will be removed from module design_1_loopback_top_0_0.
---------------------------------------------------------------------------------
Finished Cross Boundary and Area Optimization : Time (s): cpu = 00:00:14 ; elapsed = 00:00:14 . Memory (MB): peak = 1666.137 ; gain = 730.762 ; free physical = 5407 ; free virtual = 25530
---------------------------------------------------------------------------------

Report RTL Partitions: 
+-+--------------+------------+----------+
| |RTL Partition |Replication |Instances |
+-+--------------+------------+----------+
+-+--------------+------------+----------+
---------------------------------------------------------------------------------
Start Timing Optimization
---------------------------------------------------------------------------------
---------------------------------------------------------------------------------
Start Applying XDC Timing Constraints
---------------------------------------------------------------------------------
---------------------------------------------------------------------------------
Finished Applying XDC Timing Constraints : Time (s): cpu = 00:00:21 ; elapsed = 00:00:22 . Memory (MB): peak = 1852.230 ; gain = 916.855 ; free physical = 5141 ; free virtual = 25271
---------------------------------------------------------------------------------
---------------------------------------------------------------------------------
Finished Timing Optimization : Time (s): cpu = 00:00:21 ; elapsed = 00:00:22 . Memory (MB): peak = 1852.230 ; gain = 916.855 ; free physical = 5141 ; free virtual = 25271
---------------------------------------------------------------------------------

Report RTL Partitions: 
+-+--------------+------------+----------+
| |RTL Partition |Replication |Instances |
+-+--------------+------------+----------+
+-+--------------+------------+----------+
---------------------------------------------------------------------------------
Start Technology Mapping
---------------------------------------------------------------------------------
---------------------------------------------------------------------------------
Finished Technology Mapping : Time (s): cpu = 00:00:21 ; elapsed = 00:00:22 . Memory (MB): peak = 1861.242 ; gain = 925.867 ; free physical = 5132 ; free virtual = 25262
---------------------------------------------------------------------------------

Report RTL Partitions: 
+-+--------------+------------+----------+
| |RTL Partition |Replication |Instances |
+-+--------------+------------+----------+
+-+--------------+------------+----------+
---------------------------------------------------------------------------------
Start IO Insertion
---------------------------------------------------------------------------------
---------------------------------------------------------------------------------
Start Flattening Before IO Insertion
---------------------------------------------------------------------------------
---------------------------------------------------------------------------------
Finished Flattening Before IO Insertion
---------------------------------------------------------------------------------
---------------------------------------------------------------------------------
Start Final Netlist Cleanup
---------------------------------------------------------------------------------
---------------------------------------------------------------------------------
Finished Final Netlist Cleanup
---------------------------------------------------------------------------------
---------------------------------------------------------------------------------
Finished IO Insertion : Time (s): cpu = 00:00:21 ; elapsed = 00:00:22 . Memory (MB): peak = 1861.246 ; gain = 925.871 ; free physical = 5132 ; free virtual = 25262
---------------------------------------------------------------------------------

Report Check Netlist: 
+------+------------------+-------+---------+-------+------------------+
|      |Item              |Errors |Warnings |Status |Description       |
+------+------------------+-------+---------+-------+------------------+
|1     |multi_driven_nets |      0|        0|Passed |Multi driven nets |
+------+------------------+-------+---------+-------+------------------+
---------------------------------------------------------------------------------
Start Renaming Generated Instances
---------------------------------------------------------------------------------
---------------------------------------------------------------------------------
Finished Renaming Generated Instances : Time (s): cpu = 00:00:21 ; elapsed = 00:00:22 . Memory (MB): peak = 1861.246 ; gain = 925.871 ; free physical = 5132 ; free virtual = 25262
---------------------------------------------------------------------------------

Report RTL Partitions: 
+-+--------------+------------+----------+
| |RTL Partition |Replication |Instances |
+-+--------------+------------+----------+
+-+--------------+------------+----------+
---------------------------------------------------------------------------------
Start Rebuilding User Hierarchy
---------------------------------------------------------------------------------
---------------------------------------------------------------------------------
Finished Rebuilding User Hierarchy : Time (s): cpu = 00:00:21 ; elapsed = 00:00:22 . Memory (MB): peak = 1861.246 ; gain = 925.871 ; free physical = 5132 ; free virtual = 25262
---------------------------------------------------------------------------------
---------------------------------------------------------------------------------
Start Renaming Generated Ports
---------------------------------------------------------------------------------
---------------------------------------------------------------------------------
Finished Renaming Generated Ports : Time (s): cpu = 00:00:21 ; elapsed = 00:00:22 . Memory (MB): peak = 1861.246 ; gain = 925.871 ; free physical = 5132 ; free virtual = 25262
---------------------------------------------------------------------------------
---------------------------------------------------------------------------------
Start Handling Custom Attributes
---------------------------------------------------------------------------------
---------------------------------------------------------------------------------
Finished Handling Custom Attributes : Time (s): cpu = 00:00:21 ; elapsed = 00:00:22 . Memory (MB): peak = 1861.246 ; gain = 925.871 ; free physical = 5132 ; free virtual = 25262
---------------------------------------------------------------------------------
---------------------------------------------------------------------------------
Start Renaming Generated Nets
---------------------------------------------------------------------------------
---------------------------------------------------------------------------------
Finished Renaming Generated Nets : Time (s): cpu = 00:00:21 ; elapsed = 00:00:22 . Memory (MB): peak = 1861.246 ; gain = 925.871 ; free physical = 5132 ; free virtual = 25262
---------------------------------------------------------------------------------
---------------------------------------------------------------------------------
Start Writing Synthesis Report
---------------------------------------------------------------------------------

Report BlackBoxes: 
+-+--------------+----------+
| |BlackBox name |Instances |
+-+--------------+----------+
+-+--------------+----------+

Report Cell Usage: 
+------+-----+------+
|      |Cell |Count |
+------+-----+------+
|1     |LUT1 |     1|
|2     |FDRE |    34|
+------+-----+------+

Report Instance Areas: 
+------+---------+-------------+------+
|      |Instance |Module       |Cells |
+------+---------+-------------+------+
|1     |top      |             |    35|
|2     |  inst   |loopback_top |    35|
+------+---------+-------------+------+
---------------------------------------------------------------------------------
Finished Writing Synthesis Report : Time (s): cpu = 00:00:21 ; elapsed = 00:00:22 . Memory (MB): peak = 1861.246 ; gain = 925.871 ; free physical = 5132 ; free virtual = 25262
---------------------------------------------------------------------------------
Synthesis finished with 0 errors, 0 critical warnings and 9 warnings.
Synthesis Optimization Runtime : Time (s): cpu = 00:00:15 ; elapsed = 00:00:15 . Memory (MB): peak = 1861.246 ; gain = 310.582 ; free physical = 5131 ; free virtual = 25261
Synthesis Optimization Complete : Time (s): cpu = 00:00:21 ; elapsed = 00:00:22 . Memory (MB): peak = 1861.250 ; gain = 925.875 ; free physical = 5131 ; free virtual = 25261
INFO: [Project 1-571] Translating synthesized netlist
INFO: [Project 1-570] Preparing netlist for logic optimization
INFO: [Opt 31-138] Pushed 0 inverter(s) to 0 load pin(s).
INFO: [Project 1-111] Unisim Transformation Summary:
No Unisim elements were transformed.

INFO: [Common 17-83] Releasing license: Synthesis
91 Infos, 18 Warnings, 0 Critical Warnings and 0 Errors encountered.
synth_design completed successfully
synth_design: Time (s): cpu = 00:00:20 ; elapsed = 00:00:20 . Memory (MB): peak = 1884.879 ; gain = 829.992 ; free physical = 5110 ; free virtual = 25240
INFO: [Common 17-1381] The checkpoint '/home/yamaguchi/CPU-Adelie/loopback/loopback.runs/design_1_loopback_top_0_0_synth_1/design_1_loopback_top_0_0.dcp' has been generated.
INFO: [Common 17-1381] The checkpoint '/home/yamaguchi/CPU-Adelie/loopback/loopback.runs/design_1_loopback_top_0_0_synth_1/design_1_loopback_top_0_0.dcp' has been generated.
report_utilization: Time (s): cpu = 00:00:00.07 ; elapsed = 00:00:00.08 . Memory (MB): peak = 1884.879 ; gain = 0.000 ; free physical = 5109 ; free virtual = 25239
INFO: [Common 17-206] Exiting Vivado at Fri Dec  1 19:22:49 2017...
