
*** Running vivado
    with args -log design_1_wrapper.vds -m64 -product Vivado -mode batch -messageDb vivado.pb -notrace -source design_1_wrapper.tcl


****** Vivado v2016.4 (64-bit)
  **** SW Build 1756540 on Mon Jan 23 19:11:19 MST 2017
  **** IP Build 1755317 on Mon Jan 23 20:30:07 MST 2017
    ** Copyright 1986-2016 Xilinx, Inc. All Rights Reserved.

source design_1_wrapper.tcl -notrace
INFO: [IP_Flow 19-234] Refreshing IP repositories
INFO: [IP_Flow 19-1704] No user IP repositories specified
INFO: [IP_Flow 19-2313] Loaded Vivado IP repository '/opt/Xilinx/Vivado/2016.4/data/ip'.
Command: synth_design -top design_1_wrapper -part xcku040-ffva1156-2-e
Starting synth_design
Attempting to get a license for feature 'Synthesis' and/or device 'xcku040'
INFO: [Common 17-349] Got license for feature 'Synthesis' and/or device 'xcku040'
INFO: [Common 17-1223] The version limit for your license is '2017.03' and will expire in -242 days. A version limit expiration means that, although you may be able to continue to use the current version of tools or IP with this license, you will not be eligible for any updates or new releases.
INFO: Launching helper process for spawning children vivado processes
INFO: Helper process launched with PID 20495 
---------------------------------------------------------------------------------
Starting RTL Elaboration : Time (s): cpu = 00:00:06 ; elapsed = 00:00:06 . Memory (MB): peak = 1197.086 ; gain = 261.711 ; free physical = 7695 ; free virtual = 27836
---------------------------------------------------------------------------------
INFO: [Synth 8-638] synthesizing module 'design_1_wrapper' [/home/yamaguchi/CPU-Adelie/koara/koara.srcs/sources_1/bd/design_1/hdl/design_1_wrapper.v:12]
INFO: [Synth 8-638] synthesizing module 'design_1' [/home/yamaguchi/CPU-Adelie/koara/koara.srcs/sources_1/bd/design_1/hdl/design_1.v:13]
INFO: [Synth 8-638] synthesizing module 'design_1_axi_uartlite_0_0' [/home/yamaguchi/CPU-Adelie/koara/koara.runs/synth_1/.Xil/Vivado-20489-ispc2016/realtime/design_1_axi_uartlite_0_0_stub.v:6]
INFO: [Synth 8-256] done synthesizing module 'design_1_axi_uartlite_0_0' (1#1) [/home/yamaguchi/CPU-Adelie/koara/koara.runs/synth_1/.Xil/Vivado-20489-ispc2016/realtime/design_1_axi_uartlite_0_0_stub.v:6]
WARNING: [Synth 8-350] instance 'axi_uartlite_0' of module 'design_1_axi_uartlite_0_0' requires 22 connections, but only 21 given [/home/yamaguchi/CPU-Adelie/koara/koara.srcs/sources_1/bd/design_1/hdl/design_1.v:120]
INFO: [Synth 8-638] synthesizing module 'design_1_blk_mem_gen_0_0' [/home/yamaguchi/CPU-Adelie/koara/koara.runs/synth_1/.Xil/Vivado-20489-ispc2016/realtime/design_1_blk_mem_gen_0_0_stub.v:6]
INFO: [Synth 8-256] done synthesizing module 'design_1_blk_mem_gen_0_0' (2#1) [/home/yamaguchi/CPU-Adelie/koara/koara.runs/synth_1/.Xil/Vivado-20489-ispc2016/realtime/design_1_blk_mem_gen_0_0_stub.v:6]
INFO: [Synth 8-638] synthesizing module 'design_1_blk_mem_gen_1_0' [/home/yamaguchi/CPU-Adelie/koara/koara.runs/synth_1/.Xil/Vivado-20489-ispc2016/realtime/design_1_blk_mem_gen_1_0_stub.v:6]
INFO: [Synth 8-256] done synthesizing module 'design_1_blk_mem_gen_1_0' (3#1) [/home/yamaguchi/CPU-Adelie/koara/koara.runs/synth_1/.Xil/Vivado-20489-ispc2016/realtime/design_1_blk_mem_gen_1_0_stub.v:6]
INFO: [Synth 8-638] synthesizing module 'design_1_clk_wiz_0_0' [/home/yamaguchi/CPU-Adelie/koara/koara.runs/synth_1/.Xil/Vivado-20489-ispc2016/realtime/design_1_clk_wiz_0_0_stub.v:5]
INFO: [Synth 8-256] done synthesizing module 'design_1_clk_wiz_0_0' (4#1) [/home/yamaguchi/CPU-Adelie/koara/koara.runs/synth_1/.Xil/Vivado-20489-ispc2016/realtime/design_1_clk_wiz_0_0_stub.v:5]
INFO: [Synth 8-638] synthesizing module 'design_1_core_top_0_0' [/home/yamaguchi/CPU-Adelie/koara/koara.runs/synth_1/.Xil/Vivado-20489-ispc2016/realtime/design_1_core_top_0_0_stub.v:6]
INFO: [Synth 8-256] done synthesizing module 'design_1_core_top_0_0' (5#1) [/home/yamaguchi/CPU-Adelie/koara/koara.runs/synth_1/.Xil/Vivado-20489-ispc2016/realtime/design_1_core_top_0_0_stub.v:6]
WARNING: [Synth 8-350] instance 'core_top_0' of module 'design_1_core_top_0_0' requires 67 connections, but only 66 given [/home/yamaguchi/CPU-Adelie/koara/koara.srcs/sources_1/bd/design_1/hdl/design_1.v:161]
INFO: [Synth 8-638] synthesizing module 'design_1_core_top_0_axi_periph_0' [/home/yamaguchi/CPU-Adelie/koara/koara.srcs/sources_1/bd/design_1/hdl/design_1.v:323]
INFO: [Synth 8-638] synthesizing module 's00_couplers_imp_1T2I6AR' [/home/yamaguchi/CPU-Adelie/koara/koara.srcs/sources_1/bd/design_1/hdl/design_1.v:513]
INFO: [Synth 8-256] done synthesizing module 's00_couplers_imp_1T2I6AR' (6#1) [/home/yamaguchi/CPU-Adelie/koara/koara.srcs/sources_1/bd/design_1/hdl/design_1.v:513]
INFO: [Synth 8-256] done synthesizing module 'design_1_core_top_0_axi_periph_0' (7#1) [/home/yamaguchi/CPU-Adelie/koara/koara.srcs/sources_1/bd/design_1/hdl/design_1.v:323]
INFO: [Synth 8-638] synthesizing module 'design_1_floating_point_0_0' [/home/yamaguchi/CPU-Adelie/koara/koara.runs/synth_1/.Xil/Vivado-20489-ispc2016/realtime/design_1_floating_point_0_0_stub.v:6]
INFO: [Synth 8-256] done synthesizing module 'design_1_floating_point_0_0' (8#1) [/home/yamaguchi/CPU-Adelie/koara/koara.runs/synth_1/.Xil/Vivado-20489-ispc2016/realtime/design_1_floating_point_0_0_stub.v:6]
INFO: [Synth 8-638] synthesizing module 'design_1_floating_point_0_1' [/home/yamaguchi/CPU-Adelie/koara/koara.runs/synth_1/.Xil/Vivado-20489-ispc2016/realtime/design_1_floating_point_0_1_stub.v:6]
INFO: [Synth 8-256] done synthesizing module 'design_1_floating_point_0_1' (9#1) [/home/yamaguchi/CPU-Adelie/koara/koara.runs/synth_1/.Xil/Vivado-20489-ispc2016/realtime/design_1_floating_point_0_1_stub.v:6]
INFO: [Synth 8-638] synthesizing module 'design_1_floating_point_0_2' [/home/yamaguchi/CPU-Adelie/koara/koara.runs/synth_1/.Xil/Vivado-20489-ispc2016/realtime/design_1_floating_point_0_2_stub.v:6]
INFO: [Synth 8-256] done synthesizing module 'design_1_floating_point_0_2' (10#1) [/home/yamaguchi/CPU-Adelie/koara/koara.runs/synth_1/.Xil/Vivado-20489-ispc2016/realtime/design_1_floating_point_0_2_stub.v:6]
INFO: [Synth 8-638] synthesizing module 'design_1_floating_point_0_3' [/home/yamaguchi/CPU-Adelie/koara/koara.runs/synth_1/.Xil/Vivado-20489-ispc2016/realtime/design_1_floating_point_0_3_stub.v:6]
INFO: [Synth 8-256] done synthesizing module 'design_1_floating_point_0_3' (11#1) [/home/yamaguchi/CPU-Adelie/koara/koara.runs/synth_1/.Xil/Vivado-20489-ispc2016/realtime/design_1_floating_point_0_3_stub.v:6]
INFO: [Synth 8-638] synthesizing module 'design_1_xlconstant_0_0' [/home/yamaguchi/CPU-Adelie/koara/koara.runs/synth_1/.Xil/Vivado-20489-ispc2016/realtime/design_1_xlconstant_0_0_stub.v:5]
INFO: [Synth 8-256] done synthesizing module 'design_1_xlconstant_0_0' (12#1) [/home/yamaguchi/CPU-Adelie/koara/koara.runs/synth_1/.Xil/Vivado-20489-ispc2016/realtime/design_1_xlconstant_0_0_stub.v:5]
INFO: [Synth 8-638] synthesizing module 'design_1_xlconstant_0_1' [/home/yamaguchi/CPU-Adelie/koara/koara.runs/synth_1/.Xil/Vivado-20489-ispc2016/realtime/design_1_xlconstant_0_1_stub.v:5]
INFO: [Synth 8-256] done synthesizing module 'design_1_xlconstant_0_1' (13#1) [/home/yamaguchi/CPU-Adelie/koara/koara.runs/synth_1/.Xil/Vivado-20489-ispc2016/realtime/design_1_xlconstant_0_1_stub.v:5]
INFO: [Synth 8-256] done synthesizing module 'design_1' (14#1) [/home/yamaguchi/CPU-Adelie/koara/koara.srcs/sources_1/bd/design_1/hdl/design_1.v:13]
INFO: [Synth 8-256] done synthesizing module 'design_1_wrapper' (15#1) [/home/yamaguchi/CPU-Adelie/koara/koara.srcs/sources_1/bd/design_1/hdl/design_1_wrapper.v:12]
WARNING: [Synth 8-3331] design s00_couplers_imp_1T2I6AR has unconnected port M_ACLK
WARNING: [Synth 8-3331] design s00_couplers_imp_1T2I6AR has unconnected port M_ARESETN
WARNING: [Synth 8-3331] design s00_couplers_imp_1T2I6AR has unconnected port S_ACLK
WARNING: [Synth 8-3331] design s00_couplers_imp_1T2I6AR has unconnected port S_ARESETN
WARNING: [Synth 8-3331] design design_1_core_top_0_axi_periph_0 has unconnected port ACLK
WARNING: [Synth 8-3331] design design_1_core_top_0_axi_periph_0 has unconnected port ARESETN
---------------------------------------------------------------------------------
Finished RTL Elaboration : Time (s): cpu = 00:00:07 ; elapsed = 00:00:07 . Memory (MB): peak = 1237.562 ; gain = 302.188 ; free physical = 7652 ; free virtual = 27793
---------------------------------------------------------------------------------

Report Check Netlist: 
+------+------------------+-------+---------+-------+------------------+
|      |Item              |Errors |Warnings |Status |Description       |
+------+------------------+-------+---------+-------+------------------+
|1     |multi_driven_nets |      0|        0|Passed |Multi driven nets |
+------+------------------+-------+---------+-------+------------------+
---------------------------------------------------------------------------------
Finished RTL Optimization Phase 1 : Time (s): cpu = 00:00:07 ; elapsed = 00:00:07 . Memory (MB): peak = 1237.562 ; gain = 302.188 ; free physical = 7652 ; free virtual = 27793
---------------------------------------------------------------------------------
WARNING: [Project 1-486] Could not resolve non-primitive black box cell 'design_1_axi_uartlite_0_0' instantiated as 'design_1_i/axi_uartlite_0' [/home/yamaguchi/CPU-Adelie/koara/koara.srcs/sources_1/bd/design_1/hdl/design_1.v:120]
WARNING: [Project 1-486] Could not resolve non-primitive black box cell 'design_1_blk_mem_gen_0_0' instantiated as 'design_1_i/blk_mem_gen_0' [/home/yamaguchi/CPU-Adelie/koara/koara.srcs/sources_1/bd/design_1/hdl/design_1.v:142]
WARNING: [Project 1-486] Could not resolve non-primitive black box cell 'design_1_blk_mem_gen_1_0' instantiated as 'design_1_i/blk_mem_gen_1' [/home/yamaguchi/CPU-Adelie/koara/koara.srcs/sources_1/bd/design_1/hdl/design_1.v:148]
WARNING: [Project 1-486] Could not resolve non-primitive black box cell 'design_1_clk_wiz_0_0' instantiated as 'design_1_i/clk_wiz_0' [/home/yamaguchi/CPU-Adelie/koara/koara.srcs/sources_1/bd/design_1/hdl/design_1.v:155]
WARNING: [Project 1-486] Could not resolve non-primitive black box cell 'design_1_core_top_0_0' instantiated as 'design_1_i/core_top_0' [/home/yamaguchi/CPU-Adelie/koara/koara.srcs/sources_1/bd/design_1/hdl/design_1.v:161]
WARNING: [Project 1-486] Could not resolve non-primitive black box cell 'design_1_floating_point_0_0' instantiated as 'design_1_i/floating_point_0' [/home/yamaguchi/CPU-Adelie/koara/koara.srcs/sources_1/bd/design_1/hdl/design_1.v:267]
WARNING: [Project 1-486] Could not resolve non-primitive black box cell 'design_1_floating_point_0_1' instantiated as 'design_1_i/floating_point_1' [/home/yamaguchi/CPU-Adelie/koara/koara.srcs/sources_1/bd/design_1/hdl/design_1.v:281]
WARNING: [Project 1-486] Could not resolve non-primitive black box cell 'design_1_floating_point_0_2' instantiated as 'design_1_i/floating_point_2' [/home/yamaguchi/CPU-Adelie/koara/koara.srcs/sources_1/bd/design_1/hdl/design_1.v:295]
WARNING: [Project 1-486] Could not resolve non-primitive black box cell 'design_1_floating_point_0_3' instantiated as 'design_1_i/floating_point_3' [/home/yamaguchi/CPU-Adelie/koara/koara.srcs/sources_1/bd/design_1/hdl/design_1.v:306]
WARNING: [Project 1-486] Could not resolve non-primitive black box cell 'design_1_xlconstant_0_0' instantiated as 'design_1_i/xlconstant_0' [/home/yamaguchi/CPU-Adelie/koara/koara.srcs/sources_1/bd/design_1/hdl/design_1.v:317]
WARNING: [Project 1-486] Could not resolve non-primitive black box cell 'design_1_xlconstant_0_1' instantiated as 'design_1_i/xlconstant_1' [/home/yamaguchi/CPU-Adelie/koara/koara.srcs/sources_1/bd/design_1/hdl/design_1.v:319]
INFO: [Device 21-403] Loading part xcku040-ffva1156-2-e
INFO: [Project 1-570] Preparing netlist for logic optimization

Processing XDC Constraints
Initializing timing engine
Parsing XDC File [/home/yamaguchi/CPU-Adelie/koara/koara.runs/synth_1/.Xil/Vivado-20489-ispc2016/dcp/design_1_core_top_0_0_in_context.xdc] for cell 'design_1_i/core_top_0'
Finished Parsing XDC File [/home/yamaguchi/CPU-Adelie/koara/koara.runs/synth_1/.Xil/Vivado-20489-ispc2016/dcp/design_1_core_top_0_0_in_context.xdc] for cell 'design_1_i/core_top_0'
Parsing XDC File [/home/yamaguchi/CPU-Adelie/koara/koara.runs/synth_1/.Xil/Vivado-20489-ispc2016/dcp_2/design_1_blk_mem_gen_0_0_in_context.xdc] for cell 'design_1_i/blk_mem_gen_0'
Finished Parsing XDC File [/home/yamaguchi/CPU-Adelie/koara/koara.runs/synth_1/.Xil/Vivado-20489-ispc2016/dcp_2/design_1_blk_mem_gen_0_0_in_context.xdc] for cell 'design_1_i/blk_mem_gen_0'
Parsing XDC File [/home/yamaguchi/CPU-Adelie/koara/koara.runs/synth_1/.Xil/Vivado-20489-ispc2016/dcp_3/design_1_blk_mem_gen_1_0_in_context.xdc] for cell 'design_1_i/blk_mem_gen_1'
Finished Parsing XDC File [/home/yamaguchi/CPU-Adelie/koara/koara.runs/synth_1/.Xil/Vivado-20489-ispc2016/dcp_3/design_1_blk_mem_gen_1_0_in_context.xdc] for cell 'design_1_i/blk_mem_gen_1'
Parsing XDC File [/home/yamaguchi/CPU-Adelie/koara/koara.runs/synth_1/.Xil/Vivado-20489-ispc2016/dcp_4/design_1_xlconstant_0_0_in_context.xdc] for cell 'design_1_i/xlconstant_0'
Finished Parsing XDC File [/home/yamaguchi/CPU-Adelie/koara/koara.runs/synth_1/.Xil/Vivado-20489-ispc2016/dcp_4/design_1_xlconstant_0_0_in_context.xdc] for cell 'design_1_i/xlconstant_0'
Parsing XDC File [/home/yamaguchi/CPU-Adelie/koara/koara.runs/synth_1/.Xil/Vivado-20489-ispc2016/dcp_5/design_1_xlconstant_0_1_in_context.xdc] for cell 'design_1_i/xlconstant_1'
Finished Parsing XDC File [/home/yamaguchi/CPU-Adelie/koara/koara.runs/synth_1/.Xil/Vivado-20489-ispc2016/dcp_5/design_1_xlconstant_0_1_in_context.xdc] for cell 'design_1_i/xlconstant_1'
Parsing XDC File [/home/yamaguchi/CPU-Adelie/koara/koara.runs/synth_1/.Xil/Vivado-20489-ispc2016/dcp_6/design_1_floating_point_0_0_in_context.xdc] for cell 'design_1_i/floating_point_0'
Finished Parsing XDC File [/home/yamaguchi/CPU-Adelie/koara/koara.runs/synth_1/.Xil/Vivado-20489-ispc2016/dcp_6/design_1_floating_point_0_0_in_context.xdc] for cell 'design_1_i/floating_point_0'
Parsing XDC File [/home/yamaguchi/CPU-Adelie/koara/koara.runs/synth_1/.Xil/Vivado-20489-ispc2016/dcp_7/design_1_axi_uartlite_0_0_in_context.xdc] for cell 'design_1_i/axi_uartlite_0'
Finished Parsing XDC File [/home/yamaguchi/CPU-Adelie/koara/koara.runs/synth_1/.Xil/Vivado-20489-ispc2016/dcp_7/design_1_axi_uartlite_0_0_in_context.xdc] for cell 'design_1_i/axi_uartlite_0'
Parsing XDC File [/home/yamaguchi/CPU-Adelie/koara/koara.runs/synth_1/.Xil/Vivado-20489-ispc2016/dcp_8/design_1_floating_point_0_1_in_context.xdc] for cell 'design_1_i/floating_point_1'
Finished Parsing XDC File [/home/yamaguchi/CPU-Adelie/koara/koara.runs/synth_1/.Xil/Vivado-20489-ispc2016/dcp_8/design_1_floating_point_0_1_in_context.xdc] for cell 'design_1_i/floating_point_1'
Parsing XDC File [/home/yamaguchi/CPU-Adelie/koara/koara.runs/synth_1/.Xil/Vivado-20489-ispc2016/dcp_9/design_1_floating_point_0_2_in_context.xdc] for cell 'design_1_i/floating_point_2'
Finished Parsing XDC File [/home/yamaguchi/CPU-Adelie/koara/koara.runs/synth_1/.Xil/Vivado-20489-ispc2016/dcp_9/design_1_floating_point_0_2_in_context.xdc] for cell 'design_1_i/floating_point_2'
Parsing XDC File [/home/yamaguchi/CPU-Adelie/koara/koara.runs/synth_1/.Xil/Vivado-20489-ispc2016/dcp_10/design_1_floating_point_0_3_in_context.xdc] for cell 'design_1_i/floating_point_3'
Finished Parsing XDC File [/home/yamaguchi/CPU-Adelie/koara/koara.runs/synth_1/.Xil/Vivado-20489-ispc2016/dcp_10/design_1_floating_point_0_3_in_context.xdc] for cell 'design_1_i/floating_point_3'
Parsing XDC File [/home/yamaguchi/CPU-Adelie/koara/koara.runs/synth_1/.Xil/Vivado-20489-ispc2016/dcp_11/design_1_clk_wiz_0_0_in_context.xdc] for cell 'design_1_i/clk_wiz_0'
Finished Parsing XDC File [/home/yamaguchi/CPU-Adelie/koara/koara.runs/synth_1/.Xil/Vivado-20489-ispc2016/dcp_11/design_1_clk_wiz_0_0_in_context.xdc] for cell 'design_1_i/clk_wiz_0'
Parsing XDC File [/home/yamaguchi/CPU-Adelie/koara/koara.runs/synth_1/dont_touch.xdc]
Finished Parsing XDC File [/home/yamaguchi/CPU-Adelie/koara/koara.runs/synth_1/dont_touch.xdc]
Completed Processing XDC Constraints

INFO: [Project 1-111] Unisim Transformation Summary:
No Unisim elements were transformed.

Constraint Validation Runtime : Time (s): cpu = 00:00:00.01 ; elapsed = 00:00:00 . Memory (MB): peak = 1652.035 ; gain = 0.000 ; free physical = 7318 ; free virtual = 27459
WARNING: [Timing 38-316] Clock period '20.000' specified during out-of-context synthesis of instance 'design_1_i/blk_mem_gen_0' at clock pin 'clka' is different from the actual clock period '10.000', this can lead to different synthesis results.
WARNING: [Timing 38-316] Clock period '20.000' specified during out-of-context synthesis of instance 'design_1_i/blk_mem_gen_1' at clock pin 'clka' is different from the actual clock period '10.000', this can lead to different synthesis results.
---------------------------------------------------------------------------------
Finished Constraint Validation : Time (s): cpu = 00:00:14 ; elapsed = 00:00:15 . Memory (MB): peak = 1652.035 ; gain = 716.660 ; free physical = 7322 ; free virtual = 27463
---------------------------------------------------------------------------------
---------------------------------------------------------------------------------
Start Loading Part and Timing Information
---------------------------------------------------------------------------------
Loading part: xcku040-ffva1156-2-e
---------------------------------------------------------------------------------
Finished Loading Part and Timing Information : Time (s): cpu = 00:00:14 ; elapsed = 00:00:15 . Memory (MB): peak = 1652.035 ; gain = 716.660 ; free physical = 7322 ; free virtual = 27463
---------------------------------------------------------------------------------
---------------------------------------------------------------------------------
Start Applying 'set_property' XDC Constraints
---------------------------------------------------------------------------------
Applied set_property IO_BUFFER_TYPE = NONE for sysclk_125_clk_n. (constraint file  /home/yamaguchi/CPU-Adelie/koara/koara.runs/synth_1/.Xil/Vivado-20489-ispc2016/dcp_11/design_1_clk_wiz_0_0_in_context.xdc, line 3).
Applied set_property CLOCK_BUFFER_TYPE = NONE for sysclk_125_clk_n. (constraint file  /home/yamaguchi/CPU-Adelie/koara/koara.runs/synth_1/.Xil/Vivado-20489-ispc2016/dcp_11/design_1_clk_wiz_0_0_in_context.xdc, line 4).
Applied set_property IO_BUFFER_TYPE = NONE for sysclk_125_clk_p. (constraint file  /home/yamaguchi/CPU-Adelie/koara/koara.runs/synth_1/.Xil/Vivado-20489-ispc2016/dcp_11/design_1_clk_wiz_0_0_in_context.xdc, line 5).
Applied set_property CLOCK_BUFFER_TYPE = NONE for sysclk_125_clk_p. (constraint file  /home/yamaguchi/CPU-Adelie/koara/koara.runs/synth_1/.Xil/Vivado-20489-ispc2016/dcp_11/design_1_clk_wiz_0_0_in_context.xdc, line 6).
Applied set_property DONT_TOUCH = true for design_1_i. (constraint file  auto generated constraint, line ).
Applied set_property DONT_TOUCH = true for design_1_i/axi_uartlite_0. (constraint file  auto generated constraint, line ).
Applied set_property DONT_TOUCH = true for design_1_i/blk_mem_gen_0. (constraint file  auto generated constraint, line ).
Applied set_property DONT_TOUCH = true for design_1_i/blk_mem_gen_1. (constraint file  auto generated constraint, line ).
Applied set_property DONT_TOUCH = true for design_1_i/clk_wiz_0. (constraint file  auto generated constraint, line ).
Applied set_property DONT_TOUCH = true for design_1_i/core_top_0. (constraint file  auto generated constraint, line ).
Applied set_property DONT_TOUCH = true for design_1_i/core_top_0_axi_periph. (constraint file  auto generated constraint, line ).
Applied set_property DONT_TOUCH = true for design_1_i/floating_point_0. (constraint file  auto generated constraint, line ).
Applied set_property DONT_TOUCH = true for design_1_i/floating_point_1. (constraint file  auto generated constraint, line ).
Applied set_property DONT_TOUCH = true for design_1_i/floating_point_2. (constraint file  auto generated constraint, line ).
Applied set_property DONT_TOUCH = true for design_1_i/floating_point_3. (constraint file  auto generated constraint, line ).
Applied set_property DONT_TOUCH = true for design_1_i/xlconstant_0. (constraint file  auto generated constraint, line ).
Applied set_property DONT_TOUCH = true for design_1_i/xlconstant_1. (constraint file  auto generated constraint, line ).
---------------------------------------------------------------------------------
Finished applying 'set_property' XDC Constraints : Time (s): cpu = 00:00:14 ; elapsed = 00:00:15 . Memory (MB): peak = 1652.035 ; gain = 716.660 ; free physical = 7322 ; free virtual = 27463
---------------------------------------------------------------------------------
---------------------------------------------------------------------------------
Finished RTL Optimization Phase 2 : Time (s): cpu = 00:00:14 ; elapsed = 00:00:15 . Memory (MB): peak = 1652.035 ; gain = 716.660 ; free physical = 7322 ; free virtual = 27463
---------------------------------------------------------------------------------

Report RTL Partitions: 
+-+--------------+------------+----------+
| |RTL Partition |Replication |Instances |
+-+--------------+------------+----------+
+-+--------------+------------+----------+
---------------------------------------------------------------------------------
Start RTL Component Statistics 
---------------------------------------------------------------------------------
Detailed RTL Component Info : 
---------------------------------------------------------------------------------
Finished RTL Component Statistics 
---------------------------------------------------------------------------------
---------------------------------------------------------------------------------
Start RTL Hierarchical Component Statistics 
---------------------------------------------------------------------------------
Hierarchical RTL Component report 
---------------------------------------------------------------------------------
Finished RTL Hierarchical Component Statistics
---------------------------------------------------------------------------------
---------------------------------------------------------------------------------
Start Part Resource Summary
---------------------------------------------------------------------------------
Part Resources:
DSPs: 1920 (col length:120)
BRAMs: 1200 (col length: RAMB18 120 RAMB36 60)
---------------------------------------------------------------------------------
Finished Part Resource Summary
---------------------------------------------------------------------------------
---------------------------------------------------------------------------------
Start Cross Boundary and Area Optimization
---------------------------------------------------------------------------------
WARNING: [Synth 8-3331] design design_1_core_top_0_axi_periph_0 has unconnected port ACLK
WARNING: [Synth 8-3331] design design_1_core_top_0_axi_periph_0 has unconnected port ARESETN
WARNING: [Synth 8-3331] design design_1_core_top_0_axi_periph_0 has unconnected port M00_ACLK
WARNING: [Synth 8-3331] design design_1_core_top_0_axi_periph_0 has unconnected port M00_ARESETN
WARNING: [Synth 8-3331] design design_1_core_top_0_axi_periph_0 has unconnected port S00_ACLK
WARNING: [Synth 8-3331] design design_1_core_top_0_axi_periph_0 has unconnected port S00_ARESETN
---------------------------------------------------------------------------------
Finished Cross Boundary and Area Optimization : Time (s): cpu = 00:00:14 ; elapsed = 00:00:15 . Memory (MB): peak = 1652.035 ; gain = 716.660 ; free physical = 7307 ; free virtual = 27448
---------------------------------------------------------------------------------

Report RTL Partitions: 
+-+--------------+------------+----------+
| |RTL Partition |Replication |Instances |
+-+--------------+------------+----------+
+-+--------------+------------+----------+
---------------------------------------------------------------------------------
Start Timing Optimization
---------------------------------------------------------------------------------
---------------------------------------------------------------------------------
Start Applying XDC Timing Constraints
---------------------------------------------------------------------------------
INFO: [Synth 8-5578] Moved timing constraint from pin 'design_1_i/clk_wiz_0/clk_out1' to pin 'design_1_i/clk_wiz_0/bbstub_clk_out1/O'
INFO: [Synth 8-5819] Moved 1 constraints on hierarchical pins to their respective driving/loading pins
---------------------------------------------------------------------------------
Finished Applying XDC Timing Constraints : Time (s): cpu = 00:00:21 ; elapsed = 00:00:22 . Memory (MB): peak = 1859.227 ; gain = 923.852 ; free physical = 7064 ; free virtual = 27205
---------------------------------------------------------------------------------
---------------------------------------------------------------------------------
Finished Timing Optimization : Time (s): cpu = 00:00:21 ; elapsed = 00:00:22 . Memory (MB): peak = 1859.227 ; gain = 923.852 ; free physical = 7064 ; free virtual = 27205
---------------------------------------------------------------------------------

Report RTL Partitions: 
+-+--------------+------------+----------+
| |RTL Partition |Replication |Instances |
+-+--------------+------------+----------+
+-+--------------+------------+----------+
---------------------------------------------------------------------------------
Start Technology Mapping
---------------------------------------------------------------------------------
---------------------------------------------------------------------------------
Finished Technology Mapping : Time (s): cpu = 00:00:21 ; elapsed = 00:00:22 . Memory (MB): peak = 1869.242 ; gain = 933.867 ; free physical = 7054 ; free virtual = 27195
---------------------------------------------------------------------------------

Report RTL Partitions: 
+-+--------------+------------+----------+
| |RTL Partition |Replication |Instances |
+-+--------------+------------+----------+
+-+--------------+------------+----------+
---------------------------------------------------------------------------------
Start IO Insertion
---------------------------------------------------------------------------------
---------------------------------------------------------------------------------
Start Flattening Before IO Insertion
---------------------------------------------------------------------------------
---------------------------------------------------------------------------------
Finished Flattening Before IO Insertion
---------------------------------------------------------------------------------
---------------------------------------------------------------------------------
Start Final Netlist Cleanup
---------------------------------------------------------------------------------
---------------------------------------------------------------------------------
Finished Final Netlist Cleanup
---------------------------------------------------------------------------------
---------------------------------------------------------------------------------
Finished IO Insertion : Time (s): cpu = 00:00:21 ; elapsed = 00:00:22 . Memory (MB): peak = 1869.246 ; gain = 933.871 ; free physical = 7054 ; free virtual = 27195
---------------------------------------------------------------------------------

Report Check Netlist: 
+------+------------------+-------+---------+-------+------------------+
|      |Item              |Errors |Warnings |Status |Description       |
+------+------------------+-------+---------+-------+------------------+
|1     |multi_driven_nets |      0|        0|Passed |Multi driven nets |
+------+------------------+-------+---------+-------+------------------+
---------------------------------------------------------------------------------
Start Renaming Generated Instances
---------------------------------------------------------------------------------
---------------------------------------------------------------------------------
Finished Renaming Generated Instances : Time (s): cpu = 00:00:21 ; elapsed = 00:00:22 . Memory (MB): peak = 1869.246 ; gain = 933.871 ; free physical = 7054 ; free virtual = 27195
---------------------------------------------------------------------------------

Report RTL Partitions: 
+-+--------------+------------+----------+
| |RTL Partition |Replication |Instances |
+-+--------------+------------+----------+
+-+--------------+------------+----------+
---------------------------------------------------------------------------------
Start Rebuilding User Hierarchy
---------------------------------------------------------------------------------
---------------------------------------------------------------------------------
Finished Rebuilding User Hierarchy : Time (s): cpu = 00:00:21 ; elapsed = 00:00:22 . Memory (MB): peak = 1869.246 ; gain = 933.871 ; free physical = 7054 ; free virtual = 27195
---------------------------------------------------------------------------------
---------------------------------------------------------------------------------
Start Renaming Generated Ports
---------------------------------------------------------------------------------
---------------------------------------------------------------------------------
Finished Renaming Generated Ports : Time (s): cpu = 00:00:21 ; elapsed = 00:00:22 . Memory (MB): peak = 1869.246 ; gain = 933.871 ; free physical = 7054 ; free virtual = 27195
---------------------------------------------------------------------------------
---------------------------------------------------------------------------------
Start Handling Custom Attributes
---------------------------------------------------------------------------------
---------------------------------------------------------------------------------
Finished Handling Custom Attributes : Time (s): cpu = 00:00:21 ; elapsed = 00:00:22 . Memory (MB): peak = 1869.246 ; gain = 933.871 ; free physical = 7054 ; free virtual = 27195
---------------------------------------------------------------------------------
---------------------------------------------------------------------------------
Start Renaming Generated Nets
---------------------------------------------------------------------------------
---------------------------------------------------------------------------------
Finished Renaming Generated Nets : Time (s): cpu = 00:00:21 ; elapsed = 00:00:22 . Memory (MB): peak = 1869.246 ; gain = 933.871 ; free physical = 7054 ; free virtual = 27195
---------------------------------------------------------------------------------
---------------------------------------------------------------------------------
Start Writing Synthesis Report
---------------------------------------------------------------------------------

Report BlackBoxes: 
+------+----------------------------+----------+
|      |BlackBox name               |Instances |
+------+----------------------------+----------+
|1     |design_1_axi_uartlite_0_0   |         1|
|2     |design_1_blk_mem_gen_0_0    |         1|
|3     |design_1_blk_mem_gen_1_0    |         1|
|4     |design_1_clk_wiz_0_0        |         1|
|5     |design_1_core_top_0_0       |         1|
|6     |design_1_floating_point_0_0 |         1|
|7     |design_1_floating_point_0_1 |         1|
|8     |design_1_floating_point_0_2 |         1|
|9     |design_1_floating_point_0_3 |         1|
|10    |design_1_xlconstant_0_0     |         1|
|11    |design_1_xlconstant_0_1     |         1|
+------+----------------------------+----------+

Report Cell Usage: 
+------+----------------------------+------+
|      |Cell                        |Count |
+------+----------------------------+------+
|1     |design_1_axi_uartlite_0_0   |     1|
|2     |design_1_blk_mem_gen_0_0    |     1|
|3     |design_1_blk_mem_gen_1_0    |     1|
|4     |design_1_clk_wiz_0_0        |     1|
|5     |design_1_core_top_0_0       |     1|
|6     |design_1_floating_point_0_0 |     1|
|7     |design_1_floating_point_0_1 |     1|
|8     |design_1_floating_point_0_2 |     1|
|9     |design_1_floating_point_0_3 |     1|
|10    |design_1_xlconstant_0_0     |     1|
|11    |design_1_xlconstant_0_1     |     1|
|12    |IBUF                        |     2|
|13    |OBUF                        |     1|
+------+----------------------------+------+

Report Instance Areas: 
+------+--------------------------+---------------------------------+------+
|      |Instance                  |Module                           |Cells |
+------+--------------------------+---------------------------------+------+
|1     |top                       |                                 |   664|
|2     |  design_1_i              |design_1                         |   661|
|3     |    core_top_0_axi_periph |design_1_core_top_0_axi_periph_0 |     0|
+------+--------------------------+---------------------------------+------+
---------------------------------------------------------------------------------
Finished Writing Synthesis Report : Time (s): cpu = 00:00:21 ; elapsed = 00:00:22 . Memory (MB): peak = 1869.246 ; gain = 933.871 ; free physical = 7054 ; free virtual = 27195
---------------------------------------------------------------------------------
Synthesis finished with 0 errors, 0 critical warnings and 6 warnings.
Synthesis Optimization Runtime : Time (s): cpu = 00:00:14 ; elapsed = 00:00:14 . Memory (MB): peak = 1869.246 ; gain = 325.684 ; free physical = 7054 ; free virtual = 27195
Synthesis Optimization Complete : Time (s): cpu = 00:00:21 ; elapsed = 00:00:22 . Memory (MB): peak = 1869.250 ; gain = 933.875 ; free physical = 7054 ; free virtual = 27195
INFO: [Project 1-571] Translating synthesized netlist
INFO: [Netlist 29-17] Analyzing 2 Unisim elements for replacement
INFO: [Netlist 29-28] Unisim Transformation completed in 0 CPU seconds
INFO: [Project 1-570] Preparing netlist for logic optimization
INFO: [Opt 31-138] Pushed 0 inverter(s) to 0 load pin(s).
INFO: [Project 1-111] Unisim Transformation Summary:
  A total of 2 instances were transformed.
  IBUF => IBUF (IBUFCTRL, INBUF): 2 instances

INFO: [Common 17-83] Releasing license: Synthesis
52 Infos, 27 Warnings, 0 Critical Warnings and 0 Errors encountered.
synth_design completed successfully
synth_design: Time (s): cpu = 00:00:19 ; elapsed = 00:00:20 . Memory (MB): peak = 1889.879 ; gain = 820.258 ; free physical = 7033 ; free virtual = 27176
INFO: [Common 17-1381] The checkpoint '/home/yamaguchi/CPU-Adelie/koara/koara.runs/synth_1/design_1_wrapper.dcp' has been generated.
report_utilization: Time (s): cpu = 00:00:00.06 ; elapsed = 00:00:00.09 . Memory (MB): peak = 1889.879 ; gain = 0.000 ; free physical = 7031 ; free virtual = 27174
INFO: [Common 17-206] Exiting Vivado at Tue Nov 28 13:50:53 2017...
