
*** Running vivado
    with args -log design_1_blk_mem_gen_1_0.vds -m64 -product Vivado -mode batch -messageDb vivado.pb -notrace -source design_1_blk_mem_gen_1_0.tcl


****** Vivado v2016.4 (64-bit)
  **** SW Build 1756540 on Mon Jan 23 19:11:19 MST 2017
  **** IP Build 1755317 on Mon Jan 23 20:30:07 MST 2017
    ** Copyright 1986-2016 Xilinx, Inc. All Rights Reserved.

source design_1_blk_mem_gen_1_0.tcl -notrace
Starting RTL Elaboration : Time (s): cpu = 00:00:06 ; elapsed = 00:00:06 . Memory (MB): peak = 1171.355 ; gain = 235.980 ; free physical = 7300 ; free virtual = 27012
INFO: [Synth 8-638] synthesizing module 'design_1_blk_mem_gen_1_0' [/home/yamaguchi/koara/koara.srcs/sources_1/bd/design_1/ip/design_1_blk_mem_gen_1_0_1/synth/design_1_blk_mem_gen_1_0.vhd:70]
INFO: [Synth 8-256] done synthesizing module 'design_1_blk_mem_gen_1_0' (9#1) [/home/yamaguchi/koara/koara.srcs/sources_1/bd/design_1/ip/design_1_blk_mem_gen_1_0_1/synth/design_1_blk_mem_gen_1_0.vhd:70]
Finished RTL Elaboration : Time (s): cpu = 00:00:41 ; elapsed = 00:00:42 . Memory (MB): peak = 1372.031 ; gain = 436.656 ; free physical = 7840 ; free virtual = 27546
Finished RTL Optimization Phase 1 : Time (s): cpu = 00:00:42 ; elapsed = 00:00:42 . Memory (MB): peak = 1372.031 ; gain = 436.656 ; free physical = 7840 ; free virtual = 27546
INFO: [Device 21-403] Loading part xcku040-ffva1156-2-e
Constraint Validation Runtime : Time (s): cpu = 00:00:00.01 ; elapsed = 00:00:00.01 . Memory (MB): peak = 1600.480 ; gain = 0.004 ; free physical = 7656 ; free virtual = 27361
Finished Constraint Validation : Time (s): cpu = 00:00:49 ; elapsed = 00:00:50 . Memory (MB): peak = 1600.480 ; gain = 665.105 ; free physical = 7655 ; free virtual = 27361
Finished Loading Part and Timing Information : Time (s): cpu = 00:00:49 ; elapsed = 00:00:50 . Memory (MB): peak = 1600.480 ; gain = 665.105 ; free physical = 7655 ; free virtual = 27361
Finished applying 'set_property' XDC Constraints : Time (s): cpu = 00:00:49 ; elapsed = 00:00:50 . Memory (MB): peak = 1600.480 ; gain = 665.105 ; free physical = 7655 ; free virtual = 27361
Finished RTL Optimization Phase 2 : Time (s): cpu = 00:00:50 ; elapsed = 00:00:50 . Memory (MB): peak = 1600.480 ; gain = 665.105 ; free physical = 7649 ; free virtual = 27355
Finished Cross Boundary and Area Optimization : Time (s): cpu = 00:00:50 ; elapsed = 00:00:50 . Memory (MB): peak = 1600.480 ; gain = 665.105 ; free physical = 7649 ; free virtual = 27355
Finished Applying XDC Timing Constraints : Time (s): cpu = 00:00:57 ; elapsed = 00:00:57 . Memory (MB): peak = 1839.891 ; gain = 904.516 ; free physical = 7395 ; free virtual = 27104
Finished Timing Optimization : Time (s): cpu = 00:00:57 ; elapsed = 00:00:57 . Memory (MB): peak = 1839.891 ; gain = 904.516 ; free physical = 7394 ; free virtual = 27104
Finished Technology Mapping : Time (s): cpu = 00:00:57 ; elapsed = 00:00:57 . Memory (MB): peak = 1849.906 ; gain = 914.531 ; free physical = 7386 ; free virtual = 27095
Finished IO Insertion : Time (s): cpu = 00:00:57 ; elapsed = 00:00:58 . Memory (MB): peak = 1849.910 ; gain = 914.535 ; free physical = 7386 ; free virtual = 27095
Finished Renaming Generated Instances : Time (s): cpu = 00:00:57 ; elapsed = 00:00:58 . Memory (MB): peak = 1849.910 ; gain = 914.535 ; free physical = 7386 ; free virtual = 27095
Finished Rebuilding User Hierarchy : Time (s): cpu = 00:00:57 ; elapsed = 00:00:58 . Memory (MB): peak = 1849.910 ; gain = 914.535 ; free physical = 7386 ; free virtual = 27095
Finished Renaming Generated Ports : Time (s): cpu = 00:00:57 ; elapsed = 00:00:58 . Memory (MB): peak = 1849.910 ; gain = 914.535 ; free physical = 7386 ; free virtual = 27095
Finished Handling Custom Attributes : Time (s): cpu = 00:00:57 ; elapsed = 00:00:58 . Memory (MB): peak = 1849.910 ; gain = 914.535 ; free physical = 7385 ; free virtual = 27094
Finished Renaming Generated Nets : Time (s): cpu = 00:00:57 ; elapsed = 00:00:58 . Memory (MB): peak = 1849.910 ; gain = 914.535 ; free physical = 7385 ; free virtual = 27094

Report Cell Usage: 
+------+---------+------+
|      |Cell     |Count |
+------+---------+------+
|1     |RAMB36E2 |     1|
+------+---------+------+
Finished Writing Synthesis Report : Time (s): cpu = 00:00:57 ; elapsed = 00:00:58 . Memory (MB): peak = 1849.910 ; gain = 914.535 ; free physical = 7385 ; free virtual = 27094
synth_design: Time (s): cpu = 00:00:56 ; elapsed = 00:00:56 . Memory (MB): peak = 1887.973 ; gain = 836.086 ; free physical = 7349 ; free virtual = 27058
